2020-03-24 13:56:06,876 INFO  DownloadService - Downloading "https://github.com/sephiroth74/RangeSeekBar/archive/master.zip", attempt 3
2020-03-24 13:56:07,878 INFO  DownloadService - Downloaded https://github.com/sephiroth74/RangeSeekBar/archive/master.zip, attempt 3
2020-03-24 13:56:07,878 INFO  DownloadService - Size of file "/var/folders/bq/vtzpc5ns5sg2cthy61lqpg3dfzgbys/T/1585032966874-0/master.zip": 1 MB
2020-03-24 13:56:07,878 INFO  ArchiveUtils - Checking entries [.gradle] in ZIP file...
2020-03-24 13:56:07,884 INFO  ArchiveUtils - Has entries [.gradle] in ZIP file /var/folders/bq/vtzpc5ns5sg2cthy61lqpg3dfzgbys/T/1585032966874-0/master.zip: true
2020-03-24 13:56:07,885 DEBUG ZipUtil - Extracting '/var/folders/bq/vtzpc5ns5sg2cthy61lqpg3dfzgbys/T/1585032966874-0/master.zip' into '/var/folders/bq/vtzpc5ns5sg2cthy61lqpg3dfzgbys/T/1585032966874-0/src'.
2020-03-24 13:56:07,923 INFO  FullProcessService - Size of directory with sources: 2 MB
2020-03-24 13:56:07,923 INFO  SysUtils - Execute command: [git, init, /var/folders/bq/vtzpc5ns5sg2cthy61lqpg3dfzgbys/T/1585032966874-0/src]
2020-03-24 13:56:07,950 INFO  SysUtils - Initialized empty Git repository in /private/var/folders/bq/vtzpc5ns5sg2cthy61lqpg3dfzgbys/T/1585032966874-0/src/.git/

2020-03-24 13:56:07,954 INFO  ProjectBuildService - Gradle wrapper(s): /var/folders/bq/vtzpc5ns5sg2cthy61lqpg3dfzgbys/T/1585032966874-0/src/RangeSeekBar-master/gradlew
2020-03-24 13:56:07,958 INFO  ProjectBuildService - Build script(s): /var/folders/bq/vtzpc5ns5sg2cthy61lqpg3dfzgbys/T/1585032966874-0/src/RangeSeekBar-master/app/build.gradle /var/folders/bq/vtzpc5ns5sg2cthy61lqpg3dfzgbys/T/1585032966874-0/src/RangeSeekBar-master/rangeseekbar-library/build.gradle /var/folders/bq/vtzpc5ns5sg2cthy61lqpg3dfzgbys/T/1585032966874-0/src/RangeSeekBar-master/build.gradle
2020-03-24 13:56:07,962 INFO  ProjectBuildService - All script(s): /var/folders/bq/vtzpc5ns5sg2cthy61lqpg3dfzgbys/T/1585032966874-0/src/RangeSeekBar-master/app/build.gradle /var/folders/bq/vtzpc5ns5sg2cthy61lqpg3dfzgbys/T/1585032966874-0/src/RangeSeekBar-master/rangeseekbar-library/build.gradle /var/folders/bq/vtzpc5ns5sg2cthy61lqpg3dfzgbys/T/1585032966874-0/src/RangeSeekBar-master/build.gradle /var/folders/bq/vtzpc5ns5sg2cthy61lqpg3dfzgbys/T/1585032966874-0/src/RangeSeekBar-master/settings.gradle
2020-03-24 13:56:07,963 INFO  DownloadService - Downloading "https://raw.githubusercontent.com/sephiroth74/gradle-mvn-push/master/gradle-mvn-push.gradle", attempt 3
2020-03-24 13:56:08,156 INFO  DownloadService - Downloaded https://raw.githubusercontent.com/sephiroth74/gradle-mvn-push/master/gradle-mvn-push.gradle, attempt 3
2020-03-24 13:56:08,157 INFO  ProjectBuildService - Remote scripts: https://raw.githubusercontent.com/sephiroth74/gradle-mvn-push/master/gradle-mvn-push.gradle
2020-03-24 13:56:08,157 INFO  ProjectFixService - Fixing project...
2020-03-24 13:56:08,174 INFO  LocalPropertiesFixService - Created fake /var/folders/bq/vtzpc5ns5sg2cthy61lqpg3dfzgbys/T/1585032966874-0/src/RangeSeekBar-master/app/local.properties
2020-03-24 13:56:08,176 INFO  ProjectFixService - Build info for "/var/folders/bq/vtzpc5ns5sg2cthy61lqpg3dfzgbys/T/1585032966874-0/src/RangeSeekBar-master/app/build.gradle": [buildToolsVersion=<null>,compileSdkVersion=28,minSdkVersion=23,targetSdkVersion=28]
2020-03-24 13:56:08,177 INFO  ProjectFixService - Fixed build info for "/var/folders/bq/vtzpc5ns5sg2cthy61lqpg3dfzgbys/T/1585032966874-0/src/RangeSeekBar-master/app/build.gradle": [buildToolsVersion=28.0.0-rc2,compileSdkVersion=28,minSdkVersion=23,targetSdkVersion=28]
2020-03-24 13:56:08,178 INFO  LocalPropertiesFixService - Created fake /var/folders/bq/vtzpc5ns5sg2cthy61lqpg3dfzgbys/T/1585032966874-0/src/RangeSeekBar-master/rangeseekbar-library/local.properties
2020-03-24 13:56:08,181 INFO  ProjectFixService - Build info for "/var/folders/bq/vtzpc5ns5sg2cthy61lqpg3dfzgbys/T/1585032966874-0/src/RangeSeekBar-master/rangeseekbar-library/build.gradle": [buildToolsVersion=<null>,compileSdkVersion=28,minSdkVersion=23,targetSdkVersion=28]
2020-03-24 13:56:08,181 INFO  ProjectFixService - Fixed build info for "/var/folders/bq/vtzpc5ns5sg2cthy61lqpg3dfzgbys/T/1585032966874-0/src/RangeSeekBar-master/rangeseekbar-library/build.gradle": [buildToolsVersion=28.0.0-rc2,compileSdkVersion=28,minSdkVersion=23,targetSdkVersion=28]
2020-03-24 13:56:08,182 INFO  LocalPropertiesFixService - Created fake /var/folders/bq/vtzpc5ns5sg2cthy61lqpg3dfzgbys/T/1585032966874-0/src/RangeSeekBar-master/local.properties
2020-03-24 13:56:08,183 INFO  WrapperPropertiesFixService - Gradle wrapper: https://services.gradle.org/distributions/gradle-5.1-milestone-1-all.zip
2020-03-24 13:56:08,183 INFO  WrapperPropertiesFixService - Gradle wrapper was changed from "-all.zip" to "-bin.zip" (https://services.gradle.org/distributions/gradle-5.1-bin.zip)
2020-03-24 13:56:08,184 INFO  ProjectFixService - Build info for "/var/folders/bq/vtzpc5ns5sg2cthy61lqpg3dfzgbys/T/1585032966874-0/src/RangeSeekBar-master/build.gradle": [buildToolsVersion=<null>,compileSdkVersion=28,minSdkVersion=23,targetSdkVersion=28]
2020-03-24 13:56:08,184 INFO  ProjectFixService - Fixed build info for "/var/folders/bq/vtzpc5ns5sg2cthy61lqpg3dfzgbys/T/1585032966874-0/src/RangeSeekBar-master/build.gradle": [buildToolsVersion=28.0.0-rc2,compileSdkVersion=28,minSdkVersion=23,targetSdkVersion=28]
2020-03-24 13:56:08,185 INFO  ProjectFixService - Project was maybe fixed
2020-03-24 13:56:08,185 INFO  ProjectTaskService - Detecting possible tasks...
2020-03-24 13:56:08,185 INFO  SysUtils - Execute command: [/var/folders/bq/vtzpc5ns5sg2cthy61lqpg3dfzgbys/T/1585032966874-0/src/RangeSeekBar-master/gradlew, -b, /var/folders/bq/vtzpc5ns5sg2cthy61lqpg3dfzgbys/T/1585032966874-0/src/RangeSeekBar-master/app/build.gradle, -Dorg.gradle.daemon=false, -Dorg.gradle.daemon.performance.enable-monitoring=false, -Dorg.gradle.configureondemand=true, tasks]
2020-03-24 13:56:36,675 INFO  ProjectTaskService - Detected possible tasks: 77
2020-03-24 13:56:36,675 INFO  ProjectTaskService - Excluded tasks (21): lintDebug androidJavadocs deviceCheck lint androidSourcesJar testReleaseUnitTest uninstallRelease deviceAndroidTest uninstallDebugAndroidTest installDebugAndroidTest connectedCheck connectedDebugAndroidTest uninstallAll androidJavadocsJar test check testDebugUnitTest connectedAndroidTest installDebug lintRelease uninstallDebug
2020-03-24 13:56:36,675 INFO  SysUtils - Execute command: [/var/folders/bq/vtzpc5ns5sg2cthy61lqpg3dfzgbys/T/1585032966874-0/src/RangeSeekBar-master/gradlew, -b, /var/folders/bq/vtzpc5ns5sg2cthy61lqpg3dfzgbys/T/1585032966874-0/src/RangeSeekBar-master/app/build.gradle, -Dorg.gradle.daemon=false, -Dorg.gradle.daemon.performance.enable-monitoring=false, -Dorg.gradle.configureondemand=true, --stacktrace, -x, lintDebug, -x, androidJavadocs, -x, deviceCheck, -x, lint, -x, androidSourcesJar, -x, testReleaseUnitTest, -x, uninstallRelease, -x, deviceAndroidTest, -x, uninstallDebugAndroidTest, -x, installDebugAndroidTest, -x, connectedCheck, -x, connectedDebugAndroidTest, -x, uninstallAll, -x, androidJavadocsJar, -x, test, -x, check, -x, testDebugUnitTest, -x, connectedAndroidTest, -x, installDebug, -x, lintRelease, -x, uninstallDebug, build]
2020-03-24 13:56:43,516 ERROR SysUtils - Could not process external command
org.apache.commons.exec.ExecuteException: Process exited with an error: 1 (Exit value: 1)
	at org.apache.commons.exec.DefaultExecutor.executeInternal(DefaultExecutor.java:404)
	at org.apache.commons.exec.DefaultExecutor.execute(DefaultExecutor.java:166)
	at com.github.vbauer.apkmaster.util.SysUtils.execute(SysUtils.java:67)
	at com.github.vbauer.apkmaster.util.SysUtils.executeSimple(SysUtils.java:43)
	at com.github.vbauer.apkmaster.service.assembly.ProjectBuildService.buildProject(ProjectBuildService.java:78)
	at com.github.vbauer.apkmaster.service.assembly.ProjectBuildService.buildProject(ProjectBuildService.java:64)
	at com.github.vbauer.apkmaster.service.assembly.ProjectBuildService.buildProject(ProjectBuildService.java:43)
	at com.github.vbauer.apkmaster.service.FullProcessService.build(FullProcessService.java:84)
	at com.github.vbauer.apkmaster.service.FullProcessService.process(FullProcessService.java:34)
	at com.github.vbauer.apkmaster.app.MainApplication.process(MainApplication.java:38)
	at com.github.vbauer.apkmaster.app.MainApplication.main(MainApplication.java:20)
	at sun.reflect.NativeMethodAccessorImpl.invoke0(Native Method)
	at sun.reflect.NativeMethodAccessorImpl.invoke(NativeMethodAccessorImpl.java:62)
	at sun.reflect.DelegatingMethodAccessorImpl.invoke(DelegatingMethodAccessorImpl.java:43)
	at java.lang.reflect.Method.invoke(Method.java:498)
	at com.android.arsenal.util.ReflectionUtils.invoke(ReflectionUtils.java:42)
	at com.android.arsenal.util.ApkMasterUtils.main(ApkMasterUtils.java:30)
	at com.android.arsenal.service.processor.impl.BuildProcessorServiceImpl.buildProject(BuildProcessorServiceImpl.java:197)
	at com.android.arsenal.service.processor.impl.BuildProcessorServiceImpl.build(BuildProcessorServiceImpl.java:131)
	at com.android.arsenal.service.processor.impl.BuildProcessorServiceImpl.lambda$null$1(BuildProcessorServiceImpl.java:114)
	at java.util.concurrent.FutureTask.run(FutureTask.java:266)
	at java.util.concurrent.Executors$RunnableAdapter.call(Executors.java:511)
	at java.util.concurrent.FutureTask.run(FutureTask.java:266)
	at java.util.concurrent.ThreadPoolExecutor.runWorker(ThreadPoolExecutor.java:1149)
	at java.util.concurrent.ThreadPoolExecutor$Worker.run(ThreadPoolExecutor.java:624)
	at java.lang.Thread.run(Thread.java:748)
2020-03-24 13:56:43,516 INFO  SysUtils - Configuration on demand is an incubating feature.

FAILURE: Build failed with an exception.

* What went wrong:
Task 'androidJavadocs' not found in project ':app'.

* Try:
Run gradlew tasks to get a list of available tasks. Run with --info or --debug option to get more log output. Run with --scan to get full insights.

* Exception is:
org.gradle.execution.TaskSelectionException: Task 'androidJavadocs' not found in project ':app'.
	at org.gradle.execution.TaskSelector.getSelection(TaskSelector.java:116)
	at org.gradle.execution.TaskSelector.getFilter(TaskSelector.java:66)
	at org.gradle.execution.ExcludedTaskFilteringBuildConfigurationAction.configure(ExcludedTaskFilteringBuildConfigurationAction.java:42)
	at org.gradle.execution.DefaultBuildConfigurationActionExecuter.configure(DefaultBuildConfigurationActionExecuter.java:57)
	at org.gradle.execution.DefaultBuildConfigurationActionExecuter.access$200(DefaultBuildConfigurationActionExecuter.java:26)
	at org.gradle.execution.DefaultBuildConfigurationActionExecuter$1.run(DefaultBuildConfigurationActionExecuter.java:43)
	at org.gradle.internal.Factories$1.create(Factories.java:25)
	at org.gradle.api.internal.project.DefaultProjectStateRegistry.withLenientState(DefaultProjectStateRegistry.java:132)
	at org.gradle.api.internal.project.DefaultProjectStateRegistry.withLenientState(DefaultProjectStateRegistry.java:124)
	at org.gradle.execution.DefaultBuildConfigurationActionExecuter.select(DefaultBuildConfigurationActionExecuter.java:39)
	at org.gradle.initialization.DefaultGradleLauncher$CalculateTaskGraph.run(DefaultGradleLauncher.java:333)
	at org.gradle.internal.operations.DefaultBuildOperationExecutor$RunnableBuildOperationWorker.execute(DefaultBuildOperationExecutor.java:301)
	at org.gradle.internal.operations.DefaultBuildOperationExecutor$RunnableBuildOperationWorker.execute(DefaultBuildOperationExecutor.java:293)
	at org.gradle.internal.operations.DefaultBuildOperationExecutor.execute(DefaultBuildOperationExecutor.java:175)
	at org.gradle.internal.operations.DefaultBuildOperationExecutor.run(DefaultBuildOperationExecutor.java:91)
	at org.gradle.internal.operations.DelegatingBuildOperationExecutor.run(DelegatingBuildOperationExecutor.java:31)
	at org.gradle.initialization.DefaultGradleLauncher.constructTaskGraph(DefaultGradleLauncher.java:218)
	at org.gradle.initialization.DefaultGradleLauncher.doBuildStages(DefaultGradleLauncher.java:155)
	at org.gradle.initialization.DefaultGradleLauncher.executeTasks(DefaultGradleLauncher.java:134)
	at org.gradle.internal.invocation.GradleBuildController$1.execute(GradleBuildController.java:58)
	at org.gradle.internal.invocation.GradleBuildController$1.execute(GradleBuildController.java:55)
	at org.gradle.internal.invocation.GradleBuildController$3.create(GradleBuildController.java:82)
	at org.gradle.internal.invocation.GradleBuildController$3.create(GradleBuildController.java:75)
	at org.gradle.internal.work.DefaultWorkerLeaseService.withLocks(DefaultWorkerLeaseService.java:183)
	at org.gradle.internal.work.StopShieldingWorkerLeaseService.withLocks(StopShieldingWorkerLeaseService.java:40)
	at org.gradle.internal.invocation.GradleBuildController.doBuild(GradleBuildController.java:75)
	at org.gradle.internal.invocation.GradleBuildController.run(GradleBuildController.java:55)
	at org.gradle.tooling.internal.provider.ExecuteBuildActionRunner.run(ExecuteBuildActionRunner.java:31)
	at org.gradle.launcher.exec.ChainingBuildActionRunner.run(ChainingBuildActionRunner.java:35)
	at org.gradle.launcher.exec.BuildOutcomeReportingBuildActionRunner.run(BuildOutcomeReportingBuildActionRunner.java:58)
	at org.gradle.tooling.internal.provider.ValidatingBuildActionRunner.run(ValidatingBuildActionRunner.java:32)
	at org.gradle.launcher.exec.BuildCompletionNotifyingBuildActionRunner.run(BuildCompletionNotifyingBuildActionRunner.java:39)
	at org.gradle.launcher.exec.RunAsBuildOperationBuildActionRunner$3.call(RunAsBuildOperationBuildActionRunner.java:49)
	at org.gradle.launcher.exec.RunAsBuildOperationBuildActionRunner$3.call(RunAsBuildOperationBuildActionRunner.java:44)
	at org.gradle.internal.operations.DefaultBuildOperationExecutor$CallableBuildOperationWorker.execute(DefaultBuildOperationExecutor.java:315)
	at org.gradle.internal.operations.DefaultBuildOperationExecutor$CallableBuildOperationWorker.execute(DefaultBuildOperationExecutor.java:305)
	at org.gradle.internal.operations.DefaultBuildOperationExecutor.execute(DefaultBuildOperationExecutor.java:175)
	at org.gradle.internal.operations.DefaultBuildOperationExecutor.call(DefaultBuildOperationExecutor.java:101)
	at org.gradle.internal.operations.DelegatingBuildOperationExecutor.call(DelegatingBuildOperationExecutor.java:36)
	at org.gradle.launcher.exec.RunAsBuildOperationBuildActionRunner.run(RunAsBuildOperationBuildActionRunner.java:44)
	at org.gradle.launcher.exec.InProcessBuildActionExecuter$1.transform(InProcessBuildActionExecuter.java:49)
	at org.gradle.launcher.exec.InProcessBuildActionExecuter$1.transform(InProcessBuildActionExecuter.java:46)
	at org.gradle.composite.internal.DefaultRootBuildState.run(DefaultRootBuildState.java:78)
	at org.gradle.launcher.exec.InProcessBuildActionExecuter.execute(InProcessBuildActionExecuter.java:46)
	at org.gradle.launcher.exec.InProcessBuildActionExecuter.execute(InProcessBuildActionExecuter.java:31)
	at org.gradle.launcher.exec.BuildTreeScopeBuildActionExecuter.execute(BuildTreeScopeBuildActionExecuter.java:42)
	at org.gradle.launcher.exec.BuildTreeScopeBuildActionExecuter.execute(BuildTreeScopeBuildActionExecuter.java:28)
	at org.gradle.tooling.internal.provider.ContinuousBuildActionExecuter.execute(ContinuousBuildActionExecuter.java:78)
	at org.gradle.tooling.internal.provider.ContinuousBuildActionExecuter.execute(ContinuousBuildActionExecuter.java:52)
	at org.gradle.tooling.internal.provider.SubscribableBuildActionExecuter.execute(SubscribableBuildActionExecuter.java:59)
	at org.gradle.tooling.internal.provider.SubscribableBuildActionExecuter.execute(SubscribableBuildActionExecuter.java:36)
	at org.gradle.tooling.internal.provider.SessionScopeBuildActionExecuter.execute(SessionScopeBuildActionExecuter.java:68)
	at org.gradle.tooling.internal.provider.SessionScopeBuildActionExecuter.execute(SessionScopeBuildActionExecuter.java:38)
	at org.gradle.tooling.internal.provider.GradleThreadBuildActionExecuter.execute(GradleThreadBuildActionExecuter.java:37)
	at org.gradle.tooling.internal.provider.GradleThreadBuildActionExecuter.execute(GradleThreadBuildActionExecuter.java:26)
	at org.gradle.tooling.internal.provider.ParallelismConfigurationBuildActionExecuter.execute(ParallelismConfigurationBuildActionExecuter.java:43)
	at org.gradle.tooling.internal.provider.ParallelismConfigurationBuildActionExecuter.execute(ParallelismConfigurationBuildActionExecuter.java:29)
	at org.gradle.tooling.internal.provider.StartParamsValidatingActionExecuter.execute(StartParamsValidatingActionExecuter.java:60)
	at org.gradle.tooling.internal.provider.StartParamsValidatingActionExecuter.execute(StartParamsValidatingActionExecuter.java:32)
	at org.gradle.tooling.internal.provider.SessionFailureReportingActionExecuter.execute(SessionFailureReportingActionExecuter.java:55)
	at org.gradle.tooling.internal.provider.SessionFailureReportingActionExecuter.execute(SessionFailureReportingActionExecuter.java:41)
	at org.gradle.tooling.internal.provider.SetupLoggingActionExecuter.execute(SetupLoggingActionExecuter.java:48)
	at org.gradle.tooling.internal.provider.SetupLoggingActionExecuter.execute(SetupLoggingActionExecuter.java:32)
	at org.gradle.launcher.cli.RunBuildAction.run(RunBuildAction.java:55)
	at org.gradle.internal.Actions$RunnableActionAdapter.execute(Actions.java:207)
	at org.gradle.launcher.cli.CommandLineActionFactory$ParseAndBuildAction.execute(CommandLineActionFactory.java:403)
	at org.gradle.launcher.cli.CommandLineActionFactory$ParseAndBuildAction.execute(CommandLineActionFactory.java:376)
	at org.gradle.launcher.cli.ExceptionReportingAction.execute(ExceptionReportingAction.java:37)
	at org.gradle.launcher.cli.ExceptionReportingAction.execute(ExceptionReportingAction.java:23)
	at org.gradle.launcher.cli.CommandLineActionFactory$WithLogging.execute(CommandLineActionFactory.java:369)
	at org.gradle.launcher.cli.CommandLineActionFactory$WithLogging.execute(CommandLineActionFactory.java:299)
	at org.gradle.launcher.Main.doAction(Main.java:36)
	at org.gradle.launcher.bootstrap.EntryPoint.run(EntryPoint.java:45)
	at org.gradle.launcher.bootstrap.ProcessBootstrap.runNoExit(ProcessBootstrap.java:60)
	at org.gradle.launcher.bootstrap.ProcessBootstrap.run(ProcessBootstrap.java:37)
	at org.gradle.launcher.GradleMain.main(GradleMain.java:23)
	at org.gradle.wrapper.BootstrapMainStarter.start(BootstrapMainStarter.java:30)
	at org.gradle.wrapper.WrapperExecutor.execute(WrapperExecutor.java:129)
	at org.gradle.wrapper.GradleWrapperMain.main(GradleWrapperMain.java:61)


* Get more help at https://help.gradle.org

Deprecated Gradle features were used in this build, making it incompatible with Gradle 6.0.
Use '--warning-mode all' to show the individual deprecation warnings.
See https://docs.gradle.org/5.1/userguide/command_line_interface.html#sec:command_line_warnings

BUILD FAILED in 6s

2020-03-24 13:56:43,516 ERROR ProjectBuildService - Excluded tasks were detected wrong
2020-03-24 13:56:43,516 INFO  SysUtils - Execute command: [/var/folders/bq/vtzpc5ns5sg2cthy61lqpg3dfzgbys/T/1585032966874-0/src/RangeSeekBar-master/gradlew, -b, /var/folders/bq/vtzpc5ns5sg2cthy61lqpg3dfzgbys/T/1585032966874-0/src/RangeSeekBar-master/app/build.gradle, -Dorg.gradle.daemon=false, -Dorg.gradle.daemon.performance.enable-monitoring=false, -Dorg.gradle.configureondemand=true, --stacktrace, build]
2020-03-24 13:57:52,667 INFO  SysUtils - Configuration on demand is an incubating feature.
> Task :app:preBuild UP-TO-DATE
> Task :rangeseekbar-library:preBuild UP-TO-DATE
> Task :rangeseekbar-library:preDebugBuild UP-TO-DATE
> Task :rangeseekbar-library:checkDebugManifest
> Task :rangeseekbar-library:processDebugManifest
> Task :rangeseekbar-library:packageDebugRenderscript NO-SOURCE
> Task :rangeseekbar-library:generateDebugResValues
> Task :app:preDebugBuild
> Task :rangeseekbar-library:compileDebugAidl NO-SOURCE
> Task :app:compileDebugAidl NO-SOURCE
> Task :app:compileDebugRenderscript NO-SOURCE
> Task :app:checkDebugManifest
> Task :app:generateDebugBuildConfig
> Task :app:mainApkListPersistenceDebug
> Task :app:generateDebugResValues
> Task :app:generateDebugResources
> Task :app:createDebugCompatibleScreenManifests
> Task :rangeseekbar-library:compileDebugRenderscript NO-SOURCE
> Task :rangeseekbar-library:generateDebugResources
> Task :app:processDebugManifest
> Task :rangeseekbar-library:generateDebugBuildConfig
> Task :rangeseekbar-library:prepareLintJar
> Task :rangeseekbar-library:generateDebugSources
> Task :app:prepareLintJar
> Task :app:generateDebugSources
> Task :app:mergeDebugShaders
> Task :app:compileDebugShaders
> Task :app:generateDebugAssets
> Task :rangeseekbar-library:mergeDebugShaders
> Task :rangeseekbar-library:compileDebugShaders
> Task :rangeseekbar-library:generateDebugAssets
> Task :rangeseekbar-library:packageDebugAssets
> Task :app:mergeDebugAssets
> Task :app:validateSigningDebug
> Task :app:signingConfigWriterDebug
> Task :app:mergeDebugJniLibFolders
> Task :rangeseekbar-library:processDebugJavaRes NO-SOURCE
> Task :rangeseekbar-library:mergeDebugJniLibFolders

> Transform artifact org.jacoco.agent-runtime.jar (org.jacoco:org.jacoco.agent:0.7.9) with JetifyTransform
ERROR: [TAG] Failed to resolve variable '${project.groupId}'

> Task :rangeseekbar-library:transformNativeLibsWithMergeJniLibsForDebug
> Task :rangeseekbar-library:transformNativeLibsWithStripDebugSymbolForDebug
> Task :app:checkDebugDuplicateClasses
> Task :rangeseekbar-library:packageDebugResources
> Task :app:mergeDebugResources
> Task :rangeseekbar-library:generateDebugRFile
> Task :app:processDebugResources
> Task :rangeseekbar-library:kaptGenerateStubsDebugKotlin
> Task :rangeseekbar-library:kaptDebugKotlin
> Task :rangeseekbar-library:compileDebugKotlin
> Task :rangeseekbar-library:javaPreCompileDebug

> Task :rangeseekbar-library:compileDebugJavaWithJavac
Note: Some input files use or override a deprecated API.
Note: Recompile with -Xlint:deprecation for details.

> Task :rangeseekbar-library:bundleLibCompileDebug
> Task :app:compileDebugKotlin
> Task :app:javaPreCompileDebug
> Task :app:compileDebugJavaWithJavac
> Task :app:compileDebugSources
> Task :rangeseekbar-library:jacocoDebug
> Task :rangeseekbar-library:bundleLibRuntimeDebug
/Users/vbauer/.gradle/caches/transforms-2/files-2.1/425646c873f6b85045e1dc749ae56518/jetified-org.jacoco.agent-0.7.9-runtime.jar: D8: Type `java.lang.management.ManagementFactory` was not found, it is required for default or static interface methods desugaring of `void org.jacoco.agent.rt.internal_8ff85ea.JmxRegistration.<init>(org.jacoco.agent.rt.IAgent)`
/Users/vbauer/.gradle/caches/transforms-2/files-2.1/425646c873f6b85045e1dc749ae56518/jetified-org.jacoco.agent-0.7.9-runtime.jar: D8: Interface `java.lang.instrument.ClassFileTransformer` not found. It's needed to make sure desugaring of `org.jacoco.agent.rt.internal_8ff85ea.core.runtime.ModifiedSystemClassRuntime$1` is correct. Desugaring will assume that this interface has no default method.
/Users/vbauer/.gradle/caches/transforms-2/files-2.1/425646c873f6b85045e1dc749ae56518/jetified-org.jacoco.agent-0.7.9-runtime.jar: D8: Interface `java.lang.instrument.ClassFileTransformer` not found. It's needed to make sure desugaring of `org.jacoco.agent.rt.internal_8ff85ea.CoverageTransformer` is correct. Desugaring will assume that this interface has no default method.
> Task :app:transformClassesWithDexBuilderForDebug
> Task :app:transformDexArchiveWithExternalLibsDexMergerForDebug
> Task :app:transformDexArchiveWithDexMergerForDebug
> Task :rangeseekbar-library:bundleLibResDebug
> Task :rangeseekbar-library:transformNativeLibsWithIntermediateJniLibsForDebug
> Task :app:transformNativeLibsWithMergeJniLibsForDebug
> Task :app:transformNativeLibsWithStripDebugSymbolForDebug
> Task :app:processDebugJavaRes NO-SOURCE
> Task :app:transformResourcesWithMergeJavaResForDebug
> Task :app:packageDebug
> Task :app:assembleDebug
> Task :rangeseekbar-library:preReleaseBuild UP-TO-DATE
> Task :rangeseekbar-library:checkReleaseManifest
> Task :rangeseekbar-library:processReleaseManifest
> Task :app:preReleaseBuild
> Task :rangeseekbar-library:compileReleaseAidl NO-SOURCE
> Task :app:compileReleaseAidl NO-SOURCE
> Task :rangeseekbar-library:packageReleaseRenderscript NO-SOURCE
> Task :app:compileReleaseRenderscript NO-SOURCE
> Task :app:checkReleaseManifest
> Task :app:generateReleaseBuildConfig
> Task :app:mainApkListPersistenceRelease
> Task :app:generateReleaseResValues
> Task :app:generateReleaseResources
> Task :rangeseekbar-library:compileReleaseRenderscript NO-SOURCE
> Task :rangeseekbar-library:generateReleaseResValues
> Task :rangeseekbar-library:generateReleaseResources
> Task :rangeseekbar-library:packageReleaseResources
> Task :app:mergeReleaseResources
> Task :app:createReleaseCompatibleScreenManifests
> Task :app:processReleaseManifest
> Task :rangeseekbar-library:generateReleaseRFile
> Task :app:processReleaseResources
> Task :rangeseekbar-library:generateReleaseBuildConfig
> Task :rangeseekbar-library:kaptGenerateStubsReleaseKotlin
> Task :rangeseekbar-library:kaptReleaseKotlin
> Task :rangeseekbar-library:compileReleaseKotlin
> Task :rangeseekbar-library:generateReleaseSources
> Task :rangeseekbar-library:javaPreCompileRelease

> Task :rangeseekbar-library:compileReleaseJavaWithJavac
Note: Some input files use or override a deprecated API.
Note: Recompile with -Xlint:deprecation for details.

> Task :rangeseekbar-library:bundleLibCompileRelease
> Task :app:compileReleaseKotlin
> Task :app:generateReleaseSources
> Task :app:javaPreCompileRelease
> Task :app:compileReleaseJavaWithJavac
> Task :app:compileReleaseSources
> Task :rangeseekbar-library:prepareLintJarForPublish
> Task :app:lintVitalRelease SKIPPED
> Task :app:mergeReleaseShaders
> Task :app:compileReleaseShaders
> Task :app:generateReleaseAssets
> Task :rangeseekbar-library:mergeReleaseShaders
> Task :rangeseekbar-library:compileReleaseShaders
> Task :rangeseekbar-library:generateReleaseAssets
> Task :rangeseekbar-library:packageReleaseAssets
> Task :app:mergeReleaseAssets
> Task :app:signingConfigWriterRelease
> Task :app:checkReleaseDuplicateClasses
> Task :rangeseekbar-library:bundleLibRuntimeRelease
> Task :app:transformClassesWithDexBuilderForRelease
> Task :app:transformDexArchiveWithExternalLibsDexMergerForRelease
> Task :app:transformDexArchiveWithDexMergerForRelease
> Task :app:mergeReleaseJniLibFolders
> Task :rangeseekbar-library:processReleaseJavaRes NO-SOURCE
> Task :rangeseekbar-library:bundleLibResRelease
> Task :rangeseekbar-library:mergeReleaseJniLibFolders
> Task :rangeseekbar-library:transformNativeLibsWithMergeJniLibsForRelease
> Task :rangeseekbar-library:transformNativeLibsWithStripDebugSymbolForRelease
> Task :rangeseekbar-library:transformNativeLibsWithIntermediateJniLibsForRelease
> Task :app:transformNativeLibsWithMergeJniLibsForRelease
> Task :app:transformNativeLibsWithStripDebugSymbolForRelease
> Task :app:processReleaseJavaRes NO-SOURCE
> Task :app:transformResourcesWithMergeJavaResForRelease
> Task :app:packageRelease
> Task :app:assembleRelease
> Task :app:assemble

> Task :app:lint
Calling mockable JAR artifact transform to create file: /Users/vbauer/.gradle/caches/transforms-2/files-2.1/b6b9116d63aae4dde45d4e0747396449/android.jar with input /Users/vbauer/Library/Android/sdk/platforms/android-28/android.jar
Ran lint on variant debug: 13 issues found
Ran lint on variant release: 12 issues found
Wrote HTML report to file:///private/var/folders/bq/vtzpc5ns5sg2cthy61lqpg3dfzgbys/T/1585032966874-0/src/RangeSeekBar-master/app/build/reports/lint-results.html
Wrote XML report to file:///private/var/folders/bq/vtzpc5ns5sg2cthy61lqpg3dfzgbys/T/1585032966874-0/src/RangeSeekBar-master/app/build/reports/lint-results.xml

> Task :app:generateDebugUnitTestSources
> Task :app:preDebugUnitTestBuild UP-TO-DATE
> Task :app:processDebugUnitTestJavaRes NO-SOURCE
> Task :app:generateReleaseUnitTestSources
> Task :app:preReleaseUnitTestBuild UP-TO-DATE
> Task :app:processReleaseUnitTestJavaRes NO-SOURCE
> Task :app:compileDebugUnitTestKotlin
> Task :app:javaPreCompileDebugUnitTest
> Task :app:compileDebugUnitTestJavaWithJavac
> Task :app:testDebugUnitTest
> Task :app:compileReleaseUnitTestKotlin
> Task :app:javaPreCompileReleaseUnitTest
> Task :app:compileReleaseUnitTestJavaWithJavac
> Task :app:testReleaseUnitTest
> Task :app:test
> Task :app:check
> Task :app:build

Deprecated Gradle features were used in this build, making it incompatible with Gradle 6.0.
Use '--warning-mode all' to show the individual deprecation warnings.
See https://docs.gradle.org/5.1/userguide/command_line_interface.html#sec:command_line_warnings

BUILD SUCCESSFUL in 1m 8s
106 actionable tasks: 106 executed

2020-03-24 13:57:52,779 INFO  FullProcessService - Found APK file: /var/folders/bq/vtzpc5ns5sg2cthy61lqpg3dfzgbys/T/1585032966874-0/src/RangeSeekBar-master/app/build/outputs/apk/debug/app-debug.apk
