2019-02-16 19:22:51,268 INFO  DownloadService - Downloading "https://github.com/sephiroth74/NumberSlidingPicker/archive/master.zip", attempt 3
2019-02-16 19:22:54,190 INFO  DownloadService - Downloaded https://github.com/sephiroth74/NumberSlidingPicker/archive/master.zip, attempt 3
2019-02-16 19:22:54,190 INFO  DownloadService - Size of file "/var/folders/bq/vtzpc5ns5sg2cthy61lqpg3dfzgbys/T/1550319771263-0/master.zip": 1 MB
2019-02-16 19:22:54,190 INFO  ArchiveUtils - Checking entries [.gradle] in ZIP file...
2019-02-16 19:22:54,193 INFO  ArchiveUtils - Has entries [.gradle] in ZIP file /var/folders/bq/vtzpc5ns5sg2cthy61lqpg3dfzgbys/T/1550319771263-0/master.zip: true
2019-02-16 19:22:54,193 DEBUG ZipUtil - Extracting '/var/folders/bq/vtzpc5ns5sg2cthy61lqpg3dfzgbys/T/1550319771263-0/master.zip' into '/var/folders/bq/vtzpc5ns5sg2cthy61lqpg3dfzgbys/T/1550319771263-0/src'.
2019-02-16 19:22:54,239 INFO  FullProcessService - Size of directory with sources: 2 MB
2019-02-16 19:22:54,239 INFO  SysUtils - Execute command: [git, init, /var/folders/bq/vtzpc5ns5sg2cthy61lqpg3dfzgbys/T/1550319771263-0/src]
2019-02-16 19:22:54,255 INFO  SysUtils - Initialized empty Git repository in /private/var/folders/bq/vtzpc5ns5sg2cthy61lqpg3dfzgbys/T/1550319771263-0/src/.git/

2019-02-16 19:22:54,260 INFO  ProjectBuildService - Gradle wrapper(s): /var/folders/bq/vtzpc5ns5sg2cthy61lqpg3dfzgbys/T/1550319771263-0/src/NumberSlidingPicker-master/gradlew
2019-02-16 19:22:54,266 INFO  ProjectBuildService - Build script(s): /var/folders/bq/vtzpc5ns5sg2cthy61lqpg3dfzgbys/T/1550319771263-0/src/NumberSlidingPicker-master/app/build.gradle /var/folders/bq/vtzpc5ns5sg2cthy61lqpg3dfzgbys/T/1550319771263-0/src/NumberSlidingPicker-master/numberpicker/build.gradle /var/folders/bq/vtzpc5ns5sg2cthy61lqpg3dfzgbys/T/1550319771263-0/src/NumberSlidingPicker-master/build.gradle
2019-02-16 19:22:54,270 INFO  ProjectBuildService - All script(s): /var/folders/bq/vtzpc5ns5sg2cthy61lqpg3dfzgbys/T/1550319771263-0/src/NumberSlidingPicker-master/numberpicker/build.gradle /var/folders/bq/vtzpc5ns5sg2cthy61lqpg3dfzgbys/T/1550319771263-0/src/NumberSlidingPicker-master/app/build.gradle /var/folders/bq/vtzpc5ns5sg2cthy61lqpg3dfzgbys/T/1550319771263-0/src/NumberSlidingPicker-master/build.gradle /var/folders/bq/vtzpc5ns5sg2cthy61lqpg3dfzgbys/T/1550319771263-0/src/NumberSlidingPicker-master/settings.gradle
2019-02-16 19:22:54,271 INFO  DownloadService - Downloading "https://raw.githubusercontent.com/sephiroth74/gradle-mvn-push/master/gradle-mvn-push.gradle", attempt 3
2019-02-16 19:22:54,491 INFO  DownloadService - Downloaded https://raw.githubusercontent.com/sephiroth74/gradle-mvn-push/master/gradle-mvn-push.gradle, attempt 3
2019-02-16 19:22:54,491 INFO  ProjectBuildService - Remote scripts: https://raw.githubusercontent.com/sephiroth74/gradle-mvn-push/master/gradle-mvn-push.gradle
2019-02-16 19:22:54,491 INFO  ProjectFixService - Fixing project...
2019-02-16 19:22:54,506 INFO  LocalPropertiesFixService - Created fake /var/folders/bq/vtzpc5ns5sg2cthy61lqpg3dfzgbys/T/1550319771263-0/src/NumberSlidingPicker-master/app/local.properties
2019-02-16 19:22:54,507 INFO  ProjectFixService - Build info for "/var/folders/bq/vtzpc5ns5sg2cthy61lqpg3dfzgbys/T/1550319771263-0/src/NumberSlidingPicker-master/app/build.gradle": [buildToolsVersion=<null>,compileSdkVersion=28,minSdkVersion=21,targetSdkVersion=28]
2019-02-16 19:22:54,507 INFO  ProjectFixService - Fixed build info for "/var/folders/bq/vtzpc5ns5sg2cthy61lqpg3dfzgbys/T/1550319771263-0/src/NumberSlidingPicker-master/app/build.gradle": [buildToolsVersion=28.0.0-rc2,compileSdkVersion=28,minSdkVersion=21,targetSdkVersion=28]
2019-02-16 19:22:54,509 INFO  LocalPropertiesFixService - Created fake /var/folders/bq/vtzpc5ns5sg2cthy61lqpg3dfzgbys/T/1550319771263-0/src/NumberSlidingPicker-master/numberpicker/local.properties
2019-02-16 19:22:54,511 INFO  ProjectFixService - Build info for "/var/folders/bq/vtzpc5ns5sg2cthy61lqpg3dfzgbys/T/1550319771263-0/src/NumberSlidingPicker-master/numberpicker/build.gradle": [buildToolsVersion=<null>,compileSdkVersion=28,minSdkVersion=21,targetSdkVersion=28]
2019-02-16 19:22:54,511 INFO  ProjectFixService - Fixed build info for "/var/folders/bq/vtzpc5ns5sg2cthy61lqpg3dfzgbys/T/1550319771263-0/src/NumberSlidingPicker-master/numberpicker/build.gradle": [buildToolsVersion=28.0.0-rc2,compileSdkVersion=28,minSdkVersion=21,targetSdkVersion=28]
2019-02-16 19:22:54,512 INFO  LocalPropertiesFixService - Created fake /var/folders/bq/vtzpc5ns5sg2cthy61lqpg3dfzgbys/T/1550319771263-0/src/NumberSlidingPicker-master/local.properties
2019-02-16 19:22:54,513 INFO  WrapperPropertiesFixService - Gradle wrapper: https://services.gradle.org/distributions/gradle-5.1.1-all.zip
2019-02-16 19:22:54,513 INFO  WrapperPropertiesFixService - Gradle wrapper was changed from "-all.zip" to "-bin.zip" (https://services.gradle.org/distributions/gradle-5.1.1-bin.zip)
2019-02-16 19:22:54,514 INFO  ProjectFixService - Build info for "/var/folders/bq/vtzpc5ns5sg2cthy61lqpg3dfzgbys/T/1550319771263-0/src/NumberSlidingPicker-master/build.gradle": [buildToolsVersion=<null>,compileSdkVersion=28,minSdkVersion=21,targetSdkVersion=28]
2019-02-16 19:22:54,514 INFO  ProjectFixService - Fixed build info for "/var/folders/bq/vtzpc5ns5sg2cthy61lqpg3dfzgbys/T/1550319771263-0/src/NumberSlidingPicker-master/build.gradle": [buildToolsVersion=28.0.0-rc2,compileSdkVersion=28,minSdkVersion=21,targetSdkVersion=28]
2019-02-16 19:22:54,515 INFO  ProjectFixService - Project was maybe fixed
2019-02-16 19:22:54,515 INFO  ProjectTaskService - Detecting possible tasks...
2019-02-16 19:22:54,515 INFO  SysUtils - Execute command: [/var/folders/bq/vtzpc5ns5sg2cthy61lqpg3dfzgbys/T/1550319771263-0/src/NumberSlidingPicker-master/gradlew, -b, /var/folders/bq/vtzpc5ns5sg2cthy61lqpg3dfzgbys/T/1550319771263-0/src/NumberSlidingPicker-master/app/build.gradle, -Dorg.gradle.daemon=false, -Dorg.gradle.daemon.performance.enable-monitoring=false, -Dorg.gradle.configureondemand=true, tasks]
2019-02-16 19:23:08,866 INFO  ProjectTaskService - Detected possible tasks: 70
2019-02-16 19:23:08,866 INFO  ProjectTaskService - Excluded tasks (21): lintDebug androidJavadocs deviceCheck lint androidSourcesJar testReleaseUnitTest uninstallRelease deviceAndroidTest uninstallDebugAndroidTest installDebugAndroidTest connectedCheck connectedDebugAndroidTest uninstallAll androidJavadocsJar test check testDebugUnitTest connectedAndroidTest installDebug lintRelease uninstallDebug
2019-02-16 19:23:08,867 INFO  SysUtils - Execute command: [/var/folders/bq/vtzpc5ns5sg2cthy61lqpg3dfzgbys/T/1550319771263-0/src/NumberSlidingPicker-master/gradlew, -b, /var/folders/bq/vtzpc5ns5sg2cthy61lqpg3dfzgbys/T/1550319771263-0/src/NumberSlidingPicker-master/app/build.gradle, -Dorg.gradle.daemon=false, -Dorg.gradle.daemon.performance.enable-monitoring=false, -Dorg.gradle.configureondemand=true, --stacktrace, -x, lintDebug, -x, androidJavadocs, -x, deviceCheck, -x, lint, -x, androidSourcesJar, -x, testReleaseUnitTest, -x, uninstallRelease, -x, deviceAndroidTest, -x, uninstallDebugAndroidTest, -x, installDebugAndroidTest, -x, connectedCheck, -x, connectedDebugAndroidTest, -x, uninstallAll, -x, androidJavadocsJar, -x, test, -x, check, -x, testDebugUnitTest, -x, connectedAndroidTest, -x, installDebug, -x, lintRelease, -x, uninstallDebug, build]
2019-02-16 19:23:18,666 ERROR SysUtils - Could not process external command
org.apache.commons.exec.ExecuteException: Process exited with an error: 1 (Exit value: 1)
	at org.apache.commons.exec.DefaultExecutor.executeInternal(DefaultExecutor.java:404)
	at org.apache.commons.exec.DefaultExecutor.execute(DefaultExecutor.java:166)
	at com.github.vbauer.apkmaster.util.SysUtils.execute(SysUtils.java:67)
	at com.github.vbauer.apkmaster.util.SysUtils.executeSimple(SysUtils.java:43)
	at com.github.vbauer.apkmaster.service.assembly.ProjectBuildService.buildProject(ProjectBuildService.java:78)
	at com.github.vbauer.apkmaster.service.assembly.ProjectBuildService.buildProject(ProjectBuildService.java:64)
	at com.github.vbauer.apkmaster.service.assembly.ProjectBuildService.buildProject(ProjectBuildService.java:43)
	at com.github.vbauer.apkmaster.service.FullProcessService.build(FullProcessService.java:84)
	at com.github.vbauer.apkmaster.service.FullProcessService.process(FullProcessService.java:34)
	at com.github.vbauer.apkmaster.app.MainApplication.process(MainApplication.java:38)
	at com.github.vbauer.apkmaster.app.MainApplication.main(MainApplication.java:20)
	at sun.reflect.NativeMethodAccessorImpl.invoke0(Native Method)
	at sun.reflect.NativeMethodAccessorImpl.invoke(NativeMethodAccessorImpl.java:62)
	at sun.reflect.DelegatingMethodAccessorImpl.invoke(DelegatingMethodAccessorImpl.java:43)
	at java.lang.reflect.Method.invoke(Method.java:498)
	at com.android.arsenal.util.ReflectionUtils.invoke(ReflectionUtils.java:52)
	at com.android.arsenal.util.ApkMasterUtils.main(ApkMasterUtils.java:30)
	at com.android.arsenal.service.processor.impl.BuildProcessorServiceImpl.buildProject(BuildProcessorServiceImpl.java:196)
	at com.android.arsenal.service.processor.impl.BuildProcessorServiceImpl.build(BuildProcessorServiceImpl.java:130)
	at com.android.arsenal.service.processor.impl.BuildProcessorServiceImpl.lambda$createTasks$1(BuildProcessorServiceImpl.java:113)
	at java.util.concurrent.FutureTask.run(FutureTask.java:266)
	at java.util.concurrent.Executors$RunnableAdapter.call(Executors.java:511)
	at java.util.concurrent.FutureTask.run(FutureTask.java:266)
	at java.util.concurrent.ThreadPoolExecutor.runWorker(ThreadPoolExecutor.java:1149)
	at java.util.concurrent.ThreadPoolExecutor$Worker.run(ThreadPoolExecutor.java:624)
	at java.lang.Thread.run(Thread.java:748)
2019-02-16 19:23:18,666 INFO  SysUtils - Configuration on demand is an incubating feature.

FAILURE: Build failed with an exception.

* What went wrong:
Task 'androidJavadocs' not found in project ':app'.

* Try:
Run gradlew tasks to get a list of available tasks. Run with --info or --debug option to get more log output. Run with --scan to get full insights.

* Exception is:
org.gradle.execution.TaskSelectionException: Task 'androidJavadocs' not found in project ':app'.
	at org.gradle.execution.TaskSelector.getSelection(TaskSelector.java:116)
	at org.gradle.execution.TaskSelector.getFilter(TaskSelector.java:66)
	at org.gradle.execution.ExcludedTaskFilteringBuildConfigurationAction.configure(ExcludedTaskFilteringBuildConfigurationAction.java:42)
	at org.gradle.execution.DefaultBuildConfigurationActionExecuter.configure(DefaultBuildConfigurationActionExecuter.java:57)
	at org.gradle.execution.DefaultBuildConfigurationActionExecuter.access$200(DefaultBuildConfigurationActionExecuter.java:26)
	at org.gradle.execution.DefaultBuildConfigurationActionExecuter$1.run(DefaultBuildConfigurationActionExecuter.java:43)
	at org.gradle.internal.Factories$1.create(Factories.java:25)
	at org.gradle.api.internal.project.DefaultProjectStateRegistry.withLenientState(DefaultProjectStateRegistry.java:132)
	at org.gradle.api.internal.project.DefaultProjectStateRegistry.withLenientState(DefaultProjectStateRegistry.java:124)
	at org.gradle.execution.DefaultBuildConfigurationActionExecuter.select(DefaultBuildConfigurationActionExecuter.java:39)
	at org.gradle.initialization.DefaultGradleLauncher$CalculateTaskGraph.run(DefaultGradleLauncher.java:333)
	at org.gradle.internal.operations.DefaultBuildOperationExecutor$RunnableBuildOperationWorker.execute(DefaultBuildOperationExecutor.java:301)
	at org.gradle.internal.operations.DefaultBuildOperationExecutor$RunnableBuildOperationWorker.execute(DefaultBuildOperationExecutor.java:293)
	at org.gradle.internal.operations.DefaultBuildOperationExecutor.execute(DefaultBuildOperationExecutor.java:175)
	at org.gradle.internal.operations.DefaultBuildOperationExecutor.run(DefaultBuildOperationExecutor.java:91)
	at org.gradle.internal.operations.DelegatingBuildOperationExecutor.run(DelegatingBuildOperationExecutor.java:31)
	at org.gradle.initialization.DefaultGradleLauncher.constructTaskGraph(DefaultGradleLauncher.java:218)
	at org.gradle.initialization.DefaultGradleLauncher.doBuildStages(DefaultGradleLauncher.java:155)
	at org.gradle.initialization.DefaultGradleLauncher.executeTasks(DefaultGradleLauncher.java:134)
	at org.gradle.internal.invocation.GradleBuildController$1.execute(GradleBuildController.java:58)
	at org.gradle.internal.invocation.GradleBuildController$1.execute(GradleBuildController.java:55)
	at org.gradle.internal.invocation.GradleBuildController$3.create(GradleBuildController.java:82)
	at org.gradle.internal.invocation.GradleBuildController$3.create(GradleBuildController.java:75)
	at org.gradle.internal.work.DefaultWorkerLeaseService.withLocks(DefaultWorkerLeaseService.java:183)
	at org.gradle.internal.work.StopShieldingWorkerLeaseService.withLocks(StopShieldingWorkerLeaseService.java:40)
	at org.gradle.internal.invocation.GradleBuildController.doBuild(GradleBuildController.java:75)
	at org.gradle.internal.invocation.GradleBuildController.run(GradleBuildController.java:55)
	at org.gradle.tooling.internal.provider.ExecuteBuildActionRunner.run(ExecuteBuildActionRunner.java:31)
	at org.gradle.launcher.exec.ChainingBuildActionRunner.run(ChainingBuildActionRunner.java:35)
	at org.gradle.launcher.exec.BuildOutcomeReportingBuildActionRunner.run(BuildOutcomeReportingBuildActionRunner.java:58)
	at org.gradle.tooling.internal.provider.ValidatingBuildActionRunner.run(ValidatingBuildActionRunner.java:32)
	at org.gradle.launcher.exec.BuildCompletionNotifyingBuildActionRunner.run(BuildCompletionNotifyingBuildActionRunner.java:39)
	at org.gradle.launcher.exec.RunAsBuildOperationBuildActionRunner$3.call(RunAsBuildOperationBuildActionRunner.java:49)
	at org.gradle.launcher.exec.RunAsBuildOperationBuildActionRunner$3.call(RunAsBuildOperationBuildActionRunner.java:44)
	at org.gradle.internal.operations.DefaultBuildOperationExecutor$CallableBuildOperationWorker.execute(DefaultBuildOperationExecutor.java:315)
	at org.gradle.internal.operations.DefaultBuildOperationExecutor$CallableBuildOperationWorker.execute(DefaultBuildOperationExecutor.java:305)
	at org.gradle.internal.operations.DefaultBuildOperationExecutor.execute(DefaultBuildOperationExecutor.java:175)
	at org.gradle.internal.operations.DefaultBuildOperationExecutor.call(DefaultBuildOperationExecutor.java:101)
	at org.gradle.internal.operations.DelegatingBuildOperationExecutor.call(DelegatingBuildOperationExecutor.java:36)
	at org.gradle.launcher.exec.RunAsBuildOperationBuildActionRunner.run(RunAsBuildOperationBuildActionRunner.java:44)
	at org.gradle.launcher.exec.InProcessBuildActionExecuter$1.transform(InProcessBuildActionExecuter.java:49)
	at org.gradle.launcher.exec.InProcessBuildActionExecuter$1.transform(InProcessBuildActionExecuter.java:46)
	at org.gradle.composite.internal.DefaultRootBuildState.run(DefaultRootBuildState.java:78)
	at org.gradle.launcher.exec.InProcessBuildActionExecuter.execute(InProcessBuildActionExecuter.java:46)
	at org.gradle.launcher.exec.InProcessBuildActionExecuter.execute(InProcessBuildActionExecuter.java:31)
	at org.gradle.launcher.exec.BuildTreeScopeBuildActionExecuter.execute(BuildTreeScopeBuildActionExecuter.java:42)
	at org.gradle.launcher.exec.BuildTreeScopeBuildActionExecuter.execute(BuildTreeScopeBuildActionExecuter.java:28)
	at org.gradle.tooling.internal.provider.ContinuousBuildActionExecuter.execute(ContinuousBuildActionExecuter.java:78)
	at org.gradle.tooling.internal.provider.ContinuousBuildActionExecuter.execute(ContinuousBuildActionExecuter.java:52)
	at org.gradle.tooling.internal.provider.SubscribableBuildActionExecuter.execute(SubscribableBuildActionExecuter.java:59)
	at org.gradle.tooling.internal.provider.SubscribableBuildActionExecuter.execute(SubscribableBuildActionExecuter.java:36)
	at org.gradle.tooling.internal.provider.SessionScopeBuildActionExecuter.execute(SessionScopeBuildActionExecuter.java:68)
	at org.gradle.tooling.internal.provider.SessionScopeBuildActionExecuter.execute(SessionScopeBuildActionExecuter.java:38)
	at org.gradle.tooling.internal.provider.GradleThreadBuildActionExecuter.execute(GradleThreadBuildActionExecuter.java:37)
	at org.gradle.tooling.internal.provider.GradleThreadBuildActionExecuter.execute(GradleThreadBuildActionExecuter.java:26)
	at org.gradle.tooling.internal.provider.ParallelismConfigurationBuildActionExecuter.execute(ParallelismConfigurationBuildActionExecuter.java:43)
	at org.gradle.tooling.internal.provider.ParallelismConfigurationBuildActionExecuter.execute(ParallelismConfigurationBuildActionExecuter.java:29)
	at org.gradle.tooling.internal.provider.StartParamsValidatingActionExecuter.execute(StartParamsValidatingActionExecuter.java:60)
	at org.gradle.tooling.internal.provider.StartParamsValidatingActionExecuter.execute(StartParamsValidatingActionExecuter.java:32)
	at org.gradle.tooling.internal.provider.SessionFailureReportingActionExecuter.execute(SessionFailureReportingActionExecuter.java:55)
	at org.gradle.tooling.internal.provider.SessionFailureReportingActionExecuter.execute(SessionFailureReportingActionExecuter.java:41)
	at org.gradle.tooling.internal.provider.SetupLoggingActionExecuter.execute(SetupLoggingActionExecuter.java:48)
	at org.gradle.tooling.internal.provider.SetupLoggingActionExecuter.execute(SetupLoggingActionExecuter.java:32)
	at org.gradle.launcher.cli.RunBuildAction.run(RunBuildAction.java:55)
	at org.gradle.internal.Actions$RunnableActionAdapter.execute(Actions.java:207)
	at org.gradle.launcher.cli.CommandLineActionFactory$ParseAndBuildAction.execute(CommandLineActionFactory.java:403)
	at org.gradle.launcher.cli.CommandLineActionFactory$ParseAndBuildAction.execute(CommandLineActionFactory.java:376)
	at org.gradle.launcher.cli.ExceptionReportingAction.execute(ExceptionReportingAction.java:37)
	at org.gradle.launcher.cli.ExceptionReportingAction.execute(ExceptionReportingAction.java:23)
	at org.gradle.launcher.cli.CommandLineActionFactory$WithLogging.execute(CommandLineActionFactory.java:369)
	at org.gradle.launcher.cli.CommandLineActionFactory$WithLogging.execute(CommandLineActionFactory.java:299)
	at org.gradle.launcher.Main.doAction(Main.java:36)
	at org.gradle.launcher.bootstrap.EntryPoint.run(EntryPoint.java:45)
	at org.gradle.launcher.bootstrap.ProcessBootstrap.runNoExit(ProcessBootstrap.java:60)
	at org.gradle.launcher.bootstrap.ProcessBootstrap.run(ProcessBootstrap.java:37)
	at org.gradle.launcher.GradleMain.main(GradleMain.java:23)
	at org.gradle.wrapper.BootstrapMainStarter.start(BootstrapMainStarter.java:31)
	at org.gradle.wrapper.WrapperExecutor.execute(WrapperExecutor.java:108)
	at org.gradle.wrapper.GradleWrapperMain.main(GradleWrapperMain.java:61)


* Get more help at https://help.gradle.org

BUILD FAILED in 9s

2019-02-16 19:23:18,666 ERROR ProjectBuildService - Excluded tasks were detected wrong
2019-02-16 19:23:18,666 INFO  SysUtils - Execute command: [/var/folders/bq/vtzpc5ns5sg2cthy61lqpg3dfzgbys/T/1550319771263-0/src/NumberSlidingPicker-master/gradlew, -b, /var/folders/bq/vtzpc5ns5sg2cthy61lqpg3dfzgbys/T/1550319771263-0/src/NumberSlidingPicker-master/app/build.gradle, -Dorg.gradle.daemon=false, -Dorg.gradle.daemon.performance.enable-monitoring=false, -Dorg.gradle.configureondemand=true, --stacktrace, build]
2019-02-16 19:25:04,068 INFO  SysUtils - Configuration on demand is an incubating feature.
> Task :app:preBuild UP-TO-DATE
> Task :numberpicker:preBuild UP-TO-DATE
> Task :numberpicker:preDebugBuild UP-TO-DATE
> Task :numberpicker:checkDebugManifest
> Task :numberpicker:processDebugManifest
> Task :numberpicker:packageDebugRenderscript NO-SOURCE
> Task :numberpicker:generateDebugResValues
> Task :numberpicker:compileDebugAidl NO-SOURCE
> Task :app:preDebugBuild
> Task :app:compileDebugAidl NO-SOURCE
> Task :app:checkDebugManifest
> Task :app:compileDebugRenderscript NO-SOURCE
> Task :app:generateDebugBuildConfig
> Task :app:mainApkListPersistenceDebug
> Task :app:generateDebugResValues
> Task :app:generateDebugResources
> Task :numberpicker:compileDebugRenderscript NO-SOURCE
> Task :numberpicker:generateDebugResources

> Transform artifact org.jacoco.agent-runtime.jar (org.jacoco:org.jacoco.agent:0.7.9) with JetifyTransform
ERROR: [TAG] Failed to resolve variable '${project.groupId}'

> Task :numberpicker:packageDebugResources
> Task :app:mergeDebugResources
> Task :app:createDebugCompatibleScreenManifests
> Task :app:processDebugManifest
> Task :numberpicker:generateDebugRFile
> Task :app:processDebugResources
> Task :numberpicker:generateDebugBuildConfig
> Task :numberpicker:compileDebugKotlin
> Task :numberpicker:prepareLintJar
> Task :numberpicker:generateDebugSources
> Task :numberpicker:javaPreCompileDebug
> Task :numberpicker:compileDebugJavaWithJavac
> Task :numberpicker:bundleLibCompileDebug

> Task :app:compileDebugKotlin
w: /private/var/folders/bq/vtzpc5ns5sg2cthy61lqpg3dfzgbys/T/1550319771263-0/src/NumberSlidingPicker-master/app/src/main/java/it/sephiroth/android/numberpicker/demo/MainActivity.kt: (17, 44): Parameter 'numberPicker' is never used, could be renamed to _
w: /private/var/folders/bq/vtzpc5ns5sg2cthy61lqpg3dfzgbys/T/1550319771263-0/src/NumberSlidingPicker-master/app/src/main/java/it/sephiroth/android/numberpicker/demo/MainActivity.kt: (17, 58): Parameter 'progress' is never used, could be renamed to _
w: /private/var/folders/bq/vtzpc5ns5sg2cthy61lqpg3dfzgbys/T/1550319771263-0/src/NumberSlidingPicker-master/app/src/main/java/it/sephiroth/android/numberpicker/demo/MainActivity.kt: (17, 68): Parameter 'formUser' is never used, could be renamed to _
w: /private/var/folders/bq/vtzpc5ns5sg2cthy61lqpg3dfzgbys/T/1550319771263-0/src/NumberSlidingPicker-master/app/src/main/java/it/sephiroth/android/numberpicker/demo/MainActivity.kt: (21, 47): Parameter 'numberPicker' is never used, could be renamed to _
w: /private/var/folders/bq/vtzpc5ns5sg2cthy61lqpg3dfzgbys/T/1550319771263-0/src/NumberSlidingPicker-master/app/src/main/java/it/sephiroth/android/numberpicker/demo/MainActivity.kt: (25, 46): Parameter 'numberPicker' is never used, could be renamed to _

> Task :app:prepareLintJar
> Task :app:generateDebugSources
> Task :app:javaPreCompileDebug
> Task :app:compileDebugJavaWithJavac
> Task :app:compileDebugSources
> Task :app:mergeDebugShaders
> Task :app:compileDebugShaders
> Task :app:generateDebugAssets
> Task :numberpicker:mergeDebugShaders
> Task :numberpicker:compileDebugShaders
> Task :numberpicker:generateDebugAssets
> Task :numberpicker:packageDebugAssets
> Task :app:mergeDebugAssets
> Task :app:validateSigningDebug
> Task :app:signingConfigWriterDebug
> Task :numberpicker:bundleLibRuntimeDebug
> Task :app:checkDebugDuplicateClasses
/Users/vbauer/.gradle/caches/transforms-2/files-2.1/366de55b0ebabaa97806e0c7346f03cc/jetified-org.jacoco.agent-0.7.9-runtime.jar: D8: Type `java.lang.management.ManagementFactory` was not found, it is required for default or static interface methods desugaring of `void org.jacoco.agent.rt.internal_8ff85ea.JmxRegistration.<init>(org.jacoco.agent.rt.IAgent)`
/Users/vbauer/.gradle/caches/transforms-2/files-2.1/366de55b0ebabaa97806e0c7346f03cc/jetified-org.jacoco.agent-0.7.9-runtime.jar: D8: Interface `java.lang.instrument.ClassFileTransformer` not found. It's needed to make sure desugaring of `org.jacoco.agent.rt.internal_8ff85ea.CoverageTransformer` is correct. Desugaring will assume that this interface has no default method.
/Users/vbauer/.gradle/caches/transforms-2/files-2.1/366de55b0ebabaa97806e0c7346f03cc/jetified-org.jacoco.agent-0.7.9-runtime.jar: D8: Interface `java.lang.instrument.ClassFileTransformer` not found. It's needed to make sure desugaring of `org.jacoco.agent.rt.internal_8ff85ea.core.runtime.ModifiedSystemClassRuntime$1` is correct. Desugaring will assume that this interface has no default method.
> Task :app:transformClassesWithDexBuilderForDebug
> Task :app:transformDexArchiveWithExternalLibsDexMergerForDebug
> Task :app:transformDexArchiveWithDexMergerForDebug
> Task :app:mergeDebugJniLibFolders
> Task :numberpicker:processDebugJavaRes NO-SOURCE
> Task :numberpicker:bundleLibResDebug
> Task :numberpicker:mergeDebugJniLibFolders
> Task :numberpicker:transformNativeLibsWithMergeJniLibsForDebug
> Task :numberpicker:transformNativeLibsWithStripDebugSymbolForDebug
> Task :numberpicker:transformNativeLibsWithIntermediateJniLibsForDebug
> Task :app:transformNativeLibsWithMergeJniLibsForDebug
> Task :app:transformNativeLibsWithStripDebugSymbolForDebug
> Task :app:processDebugJavaRes NO-SOURCE
> Task :app:transformResourcesWithMergeJavaResForDebug
> Task :app:packageDebug
> Task :app:assembleDebug
> Task :numberpicker:preReleaseBuild UP-TO-DATE
> Task :numberpicker:checkReleaseManifest
> Task :numberpicker:processReleaseManifest
> Task :app:preReleaseBuild
> Task :numberpicker:compileReleaseAidl NO-SOURCE
> Task :app:compileReleaseAidl NO-SOURCE
> Task :numberpicker:packageReleaseRenderscript NO-SOURCE
> Task :app:compileReleaseRenderscript NO-SOURCE
> Task :app:checkReleaseManifest
> Task :app:generateReleaseBuildConfig
> Task :app:mainApkListPersistenceRelease
> Task :app:generateReleaseResValues
> Task :app:generateReleaseResources
> Task :numberpicker:compileReleaseRenderscript NO-SOURCE
> Task :numberpicker:generateReleaseResValues
> Task :numberpicker:generateReleaseResources
> Task :numberpicker:packageReleaseResources
> Task :app:mergeReleaseResources
> Task :app:createReleaseCompatibleScreenManifests
> Task :app:processReleaseManifest
> Task :numberpicker:generateReleaseRFile
> Task :app:processReleaseResources
> Task :numberpicker:generateReleaseBuildConfig
> Task :numberpicker:compileReleaseKotlin
> Task :numberpicker:generateReleaseSources
> Task :numberpicker:javaPreCompileRelease
> Task :numberpicker:compileReleaseJavaWithJavac
> Task :numberpicker:bundleLibCompileRelease

> Task :app:compileReleaseKotlin
w: /private/var/folders/bq/vtzpc5ns5sg2cthy61lqpg3dfzgbys/T/1550319771263-0/src/NumberSlidingPicker-master/app/src/main/java/it/sephiroth/android/numberpicker/demo/MainActivity.kt: (17, 44): Parameter 'numberPicker' is never used, could be renamed to _
w: /private/var/folders/bq/vtzpc5ns5sg2cthy61lqpg3dfzgbys/T/1550319771263-0/src/NumberSlidingPicker-master/app/src/main/java/it/sephiroth/android/numberpicker/demo/MainActivity.kt: (17, 58): Parameter 'progress' is never used, could be renamed to _
w: /private/var/folders/bq/vtzpc5ns5sg2cthy61lqpg3dfzgbys/T/1550319771263-0/src/NumberSlidingPicker-master/app/src/main/java/it/sephiroth/android/numberpicker/demo/MainActivity.kt: (17, 68): Parameter 'formUser' is never used, could be renamed to _
w: /private/var/folders/bq/vtzpc5ns5sg2cthy61lqpg3dfzgbys/T/1550319771263-0/src/NumberSlidingPicker-master/app/src/main/java/it/sephiroth/android/numberpicker/demo/MainActivity.kt: (21, 47): Parameter 'numberPicker' is never used, could be renamed to _
w: /private/var/folders/bq/vtzpc5ns5sg2cthy61lqpg3dfzgbys/T/1550319771263-0/src/NumberSlidingPicker-master/app/src/main/java/it/sephiroth/android/numberpicker/demo/MainActivity.kt: (25, 46): Parameter 'numberPicker' is never used, could be renamed to _

> Task :app:generateReleaseSources
> Task :app:javaPreCompileRelease
> Task :app:compileReleaseJavaWithJavac
> Task :app:compileReleaseSources
> Task :numberpicker:prepareLintJarForPublish
> Task :app:lintVitalRelease SKIPPED
> Task :app:mergeReleaseShaders
> Task :app:compileReleaseShaders
> Task :app:generateReleaseAssets
> Task :numberpicker:mergeReleaseShaders
> Task :numberpicker:compileReleaseShaders
> Task :numberpicker:generateReleaseAssets
> Task :numberpicker:packageReleaseAssets
> Task :app:mergeReleaseAssets
> Task :app:signingConfigWriterRelease
> Task :app:checkReleaseDuplicateClasses
> Task :numberpicker:bundleLibRuntimeRelease
/Users/vbauer/.gradle/caches/transforms-2/files-2.1/366de55b0ebabaa97806e0c7346f03cc/jetified-org.jacoco.agent-0.7.9-runtime.jar: D8: Type `java.lang.management.ManagementFactory` was not found, it is required for default or static interface methods desugaring of `void org.jacoco.agent.rt.internal_8ff85ea.JmxRegistration.<init>(org.jacoco.agent.rt.IAgent)`
/Users/vbauer/.gradle/caches/transforms-2/files-2.1/366de55b0ebabaa97806e0c7346f03cc/jetified-org.jacoco.agent-0.7.9-runtime.jar: D8: Interface `java.lang.instrument.ClassFileTransformer` not found. It's needed to make sure desugaring of `org.jacoco.agent.rt.internal_8ff85ea.CoverageTransformer` is correct. Desugaring will assume that this interface has no default method.
/Users/vbauer/.gradle/caches/transforms-2/files-2.1/366de55b0ebabaa97806e0c7346f03cc/jetified-org.jacoco.agent-0.7.9-runtime.jar: D8: Interface `java.lang.instrument.ClassFileTransformer` not found. It's needed to make sure desugaring of `org.jacoco.agent.rt.internal_8ff85ea.core.runtime.ModifiedSystemClassRuntime$1` is correct. Desugaring will assume that this interface has no default method.
> Task :app:transformClassesWithDexBuilderForRelease
> Task :app:transformDexArchiveWithExternalLibsDexMergerForRelease
> Task :app:transformDexArchiveWithDexMergerForRelease
> Task :app:mergeReleaseJniLibFolders
> Task :numberpicker:processReleaseJavaRes NO-SOURCE
> Task :numberpicker:bundleLibResRelease
> Task :numberpicker:mergeReleaseJniLibFolders
> Task :numberpicker:transformNativeLibsWithMergeJniLibsForRelease
> Task :numberpicker:transformNativeLibsWithStripDebugSymbolForRelease
> Task :numberpicker:transformNativeLibsWithIntermediateJniLibsForRelease
> Task :app:transformNativeLibsWithMergeJniLibsForRelease
> Task :app:transformNativeLibsWithStripDebugSymbolForRelease
> Task :app:processReleaseJavaRes NO-SOURCE
> Task :app:transformResourcesWithMergeJavaResForRelease
> Task :app:packageRelease
> Task :app:assembleRelease
> Task :app:assemble

> Task :app:lint
Calling mockable JAR artifact transform to create file: /Users/vbauer/.gradle/caches/transforms-2/files-2.1/b0cfb84edf975c7b16a60008d859088a/android.jar with input /Users/vbauer/Library/Android/sdk/platforms/android-28/android.jar
Ran lint on variant debug: 12 issues found
Ran lint on variant release: 11 issues found
Wrote HTML report to file:///private/var/folders/bq/vtzpc5ns5sg2cthy61lqpg3dfzgbys/T/1550319771263-0/src/NumberSlidingPicker-master/app/build/reports/lint-results.html
Wrote XML report to file:///private/var/folders/bq/vtzpc5ns5sg2cthy61lqpg3dfzgbys/T/1550319771263-0/src/NumberSlidingPicker-master/app/build/reports/lint-results.xml

> Task :app:generateDebugUnitTestSources
> Task :app:preDebugUnitTestBuild UP-TO-DATE
> Task :app:processDebugUnitTestJavaRes NO-SOURCE
> Task :app:generateReleaseUnitTestSources
> Task :app:preReleaseUnitTestBuild UP-TO-DATE
> Task :app:processReleaseUnitTestJavaRes NO-SOURCE
> Task :app:compileDebugUnitTestKotlin
> Task :app:javaPreCompileDebugUnitTest
> Task :app:compileDebugUnitTestJavaWithJavac NO-SOURCE
> Task :app:testDebugUnitTest
> Task :app:compileReleaseUnitTestKotlin
> Task :app:javaPreCompileReleaseUnitTest
> Task :app:compileReleaseUnitTestJavaWithJavac NO-SOURCE
> Task :app:testReleaseUnitTest
> Task :app:test
> Task :app:check
> Task :app:build

Deprecated Gradle features were used in this build, making it incompatible with Gradle 6.0.
Use '--warning-mode all' to show the individual deprecation warnings.
See https://docs.gradle.org/5.1.1/userguide/command_line_interface.html#sec:command_line_warnings

BUILD SUCCESSFUL in 1m 44s
99 actionable tasks: 99 executed

2019-02-16 19:25:04,325 INFO  FullProcessService - Found APK file: /var/folders/bq/vtzpc5ns5sg2cthy61lqpg3dfzgbys/T/1550319771263-0/src/NumberSlidingPicker-master/app/build/outputs/apk/debug/app-debug.apk
