2019-12-02 20:23:29,613 INFO  DownloadService - Downloading "https://github.com/iFanie/AccordionRecycler/archive/master.zip", attempt 3
2019-12-02 20:23:35,715 INFO  DownloadService - Downloaded https://github.com/iFanie/AccordionRecycler/archive/master.zip, attempt 3
2019-12-02 20:23:35,716 INFO  DownloadService - Size of file "/var/folders/bq/vtzpc5ns5sg2cthy61lqpg3dfzgbys/T/1575293009610-0/master.zip": 4 MB
2019-12-02 20:23:35,716 INFO  ArchiveUtils - Checking entries [.gradle] in ZIP file...
2019-12-02 20:23:35,717 INFO  ArchiveUtils - Has entries [.gradle] in ZIP file /var/folders/bq/vtzpc5ns5sg2cthy61lqpg3dfzgbys/T/1575293009610-0/master.zip: true
2019-12-02 20:23:35,718 DEBUG ZipUtil - Extracting '/var/folders/bq/vtzpc5ns5sg2cthy61lqpg3dfzgbys/T/1575293009610-0/master.zip' into '/var/folders/bq/vtzpc5ns5sg2cthy61lqpg3dfzgbys/T/1575293009610-0/src'.
2019-12-02 20:23:35,763 INFO  FullProcessService - Size of directory with sources: 4 MB
2019-12-02 20:23:35,763 INFO  SysUtils - Execute command: [git, init, /var/folders/bq/vtzpc5ns5sg2cthy61lqpg3dfzgbys/T/1575293009610-0/src]
2019-12-02 20:23:35,781 INFO  SysUtils - Initialized empty Git repository in /private/var/folders/bq/vtzpc5ns5sg2cthy61lqpg3dfzgbys/T/1575293009610-0/src/.git/

2019-12-02 20:23:35,784 INFO  ProjectBuildService - Gradle wrapper(s): /var/folders/bq/vtzpc5ns5sg2cthy61lqpg3dfzgbys/T/1575293009610-0/src/AccordionRecycler-master/gradlew
2019-12-02 20:23:35,788 INFO  ProjectBuildService - Build script(s): /var/folders/bq/vtzpc5ns5sg2cthy61lqpg3dfzgbys/T/1575293009610-0/src/AccordionRecycler-master/accordionrecycler/build.gradle /var/folders/bq/vtzpc5ns5sg2cthy61lqpg3dfzgbys/T/1575293009610-0/src/AccordionRecycler-master/app/build.gradle /var/folders/bq/vtzpc5ns5sg2cthy61lqpg3dfzgbys/T/1575293009610-0/src/AccordionRecycler-master/build.gradle
2019-12-02 20:23:35,790 INFO  ProjectBuildService - All script(s): /var/folders/bq/vtzpc5ns5sg2cthy61lqpg3dfzgbys/T/1575293009610-0/src/AccordionRecycler-master/app/build.gradle /var/folders/bq/vtzpc5ns5sg2cthy61lqpg3dfzgbys/T/1575293009610-0/src/AccordionRecycler-master/accordionrecycler/build.gradle /var/folders/bq/vtzpc5ns5sg2cthy61lqpg3dfzgbys/T/1575293009610-0/src/AccordionRecycler-master/build.gradle /var/folders/bq/vtzpc5ns5sg2cthy61lqpg3dfzgbys/T/1575293009610-0/src/AccordionRecycler-master/settings.gradle
2019-12-02 20:23:35,798 INFO  DownloadService - Downloading "https://raw.githubusercontent.com/nuuneoi/JCenter/master/bintrayv1.gradle", attempt 3
2019-12-02 20:23:36,604 INFO  DownloadService - Downloaded https://raw.githubusercontent.com/nuuneoi/JCenter/master/bintrayv1.gradle, attempt 3
2019-12-02 20:23:36,605 INFO  DownloadService - Downloading "https://raw.githubusercontent.com/nuuneoi/JCenter/master/installv1.gradle", attempt 3
2019-12-02 20:23:36,820 INFO  DownloadService - Downloaded https://raw.githubusercontent.com/nuuneoi/JCenter/master/installv1.gradle, attempt 3
2019-12-02 20:23:36,820 INFO  ProjectBuildService - Remote scripts: https://raw.githubusercontent.com/nuuneoi/JCenter/master/bintrayv1.gradle https://raw.githubusercontent.com/nuuneoi/JCenter/master/installv1.gradle
2019-12-02 20:23:36,820 INFO  ProjectFixService - Fixing project...
2019-12-02 20:23:36,831 INFO  LocalPropertiesFixService - Created fake /var/folders/bq/vtzpc5ns5sg2cthy61lqpg3dfzgbys/T/1575293009610-0/src/AccordionRecycler-master/accordionrecycler/local.properties
2019-12-02 20:23:36,835 INFO  ProjectFixService - Build info for "/var/folders/bq/vtzpc5ns5sg2cthy61lqpg3dfzgbys/T/1575293009610-0/src/AccordionRecycler-master/accordionrecycler/build.gradle": [buildToolsVersion=<null>,compileSdkVersion=<null>,minSdkVersion=<null>,targetSdkVersion=<null>]
2019-12-02 20:23:36,835 INFO  ProjectFixService - Fixed build info for "/var/folders/bq/vtzpc5ns5sg2cthy61lqpg3dfzgbys/T/1575293009610-0/src/AccordionRecycler-master/accordionrecycler/build.gradle": [buildToolsVersion=28.0.0-rc2,compileSdkVersion=29,minSdkVersion=29,targetSdkVersion=29]
2019-12-02 20:23:36,838 INFO  LocalPropertiesFixService - Created fake /var/folders/bq/vtzpc5ns5sg2cthy61lqpg3dfzgbys/T/1575293009610-0/src/AccordionRecycler-master/app/local.properties
2019-12-02 20:23:36,841 INFO  ProjectFixService - Build info for "/var/folders/bq/vtzpc5ns5sg2cthy61lqpg3dfzgbys/T/1575293009610-0/src/AccordionRecycler-master/app/build.gradle": [buildToolsVersion=<null>,compileSdkVersion=<null>,minSdkVersion=<null>,targetSdkVersion=<null>]
2019-12-02 20:23:36,841 INFO  ProjectFixService - Fixed build info for "/var/folders/bq/vtzpc5ns5sg2cthy61lqpg3dfzgbys/T/1575293009610-0/src/AccordionRecycler-master/app/build.gradle": [buildToolsVersion=28.0.0-rc2,compileSdkVersion=29,minSdkVersion=29,targetSdkVersion=29]
2019-12-02 20:23:36,843 INFO  LocalPropertiesFixService - Created fake /var/folders/bq/vtzpc5ns5sg2cthy61lqpg3dfzgbys/T/1575293009610-0/src/AccordionRecycler-master/local.properties
2019-12-02 20:23:36,844 INFO  WrapperPropertiesFixService - Gradle wrapper: https://services.gradle.org/distributions/gradle-4.6-all.zip
2019-12-02 20:23:36,845 INFO  WrapperPropertiesFixService - Gradle wrapper was changed from "-all.zip" to "-bin.zip" (https://services.gradle.org/distributions/gradle-4.6-bin.zip)
2019-12-02 20:23:36,848 INFO  ProjectFixService - Build info for "/var/folders/bq/vtzpc5ns5sg2cthy61lqpg3dfzgbys/T/1575293009610-0/src/AccordionRecycler-master/build.gradle": [buildToolsVersion=<null>,compileSdkVersion=<null>,minSdkVersion=<null>,targetSdkVersion=<null>]
2019-12-02 20:23:36,848 INFO  ProjectFixService - Fixed build info for "/var/folders/bq/vtzpc5ns5sg2cthy61lqpg3dfzgbys/T/1575293009610-0/src/AccordionRecycler-master/build.gradle": [buildToolsVersion=28.0.0-rc2,compileSdkVersion=29,minSdkVersion=29,targetSdkVersion=29]
2019-12-02 20:23:36,849 INFO  ProjectFixService - Project was maybe fixed
2019-12-02 20:23:36,850 INFO  ProjectTaskService - Detecting possible tasks...
2019-12-02 20:23:36,850 INFO  SysUtils - Execute command: [/var/folders/bq/vtzpc5ns5sg2cthy61lqpg3dfzgbys/T/1575293009610-0/src/AccordionRecycler-master/gradlew, -b, /var/folders/bq/vtzpc5ns5sg2cthy61lqpg3dfzgbys/T/1575293009610-0/src/AccordionRecycler-master/accordionrecycler/build.gradle, -Dorg.gradle.daemon=false, -Dorg.gradle.daemon.performance.enable-monitoring=false, -Dorg.gradle.configureondemand=true, tasks]
2019-12-02 20:23:46,849 INFO  ProjectTaskService - Detected possible tasks: 71
2019-12-02 20:23:46,850 INFO  ProjectTaskService - Excluded tasks (18): lintDebug javadocJar deviceCheck lint testReleaseUnitTest javadoc deviceAndroidTest uninstallDebugAndroidTest installDebugAndroidTest connectedCheck connectedDebugAndroidTest uninstallAll sourcesJar test check testDebugUnitTest connectedAndroidTest lintRelease
2019-12-02 20:23:46,850 INFO  SysUtils - Execute command: [/var/folders/bq/vtzpc5ns5sg2cthy61lqpg3dfzgbys/T/1575293009610-0/src/AccordionRecycler-master/gradlew, -b, /var/folders/bq/vtzpc5ns5sg2cthy61lqpg3dfzgbys/T/1575293009610-0/src/AccordionRecycler-master/accordionrecycler/build.gradle, -Dorg.gradle.daemon=false, -Dorg.gradle.daemon.performance.enable-monitoring=false, -Dorg.gradle.configureondemand=true, --stacktrace, -x, lintDebug, -x, javadocJar, -x, deviceCheck, -x, lint, -x, testReleaseUnitTest, -x, javadoc, -x, deviceAndroidTest, -x, uninstallDebugAndroidTest, -x, installDebugAndroidTest, -x, connectedCheck, -x, connectedDebugAndroidTest, -x, uninstallAll, -x, sourcesJar, -x, test, -x, check, -x, testDebugUnitTest, -x, connectedAndroidTest, -x, lintRelease, build]
2019-12-02 20:24:15,021 INFO  SysUtils - Configuration on demand is an incubating feature.
:accordionrecycler:preBuild UP-TO-DATE
:accordionrecycler:preDebugBuild UP-TO-DATE
:accordionrecycler:compileDebugAidl NO-SOURCE
:accordionrecycler:compileDebugRenderscript
:accordionrecycler:checkDebugManifest
:accordionrecycler:generateDebugBuildConfig
:accordionrecycler:generateDebugResValues
:accordionrecycler:generateDebugResources
:accordionrecycler:packageDebugResources
:accordionrecycler:processDebugManifest
:accordionrecycler:generateDebugRFile
:accordionrecycler:compileDebugKotlin
:accordionrecycler:prepareLintJar
:accordionrecycler:generateDebugSources
:accordionrecycler:javaPreCompileDebug
:accordionrecycler:compileDebugJavaWithJavac
:accordionrecycler:extractDebugAnnotations
:accordionrecycler:mergeDebugConsumerProguardFiles
:accordionrecycler:mergeDebugShaders
:accordionrecycler:compileDebugShaders
:accordionrecycler:generateDebugAssets
:accordionrecycler:packageDebugAssets
:accordionrecycler:packageDebugRenderscript NO-SOURCE
:accordionrecycler:processDebugJavaRes NO-SOURCE
:accordionrecycler:transformResourcesWithMergeJavaResForDebug
:accordionrecycler:transformClassesAndResourcesWithSyncLibJarsForDebug
:accordionrecycler:compileDebugNdk NO-SOURCE
:accordionrecycler:mergeDebugJniLibFolders
:accordionrecycler:transformNativeLibsWithMergeJniLibsForDebug
:accordionrecycler:transformNativeLibsWithStripDebugSymbolForDebug
:accordionrecycler:transformNativeLibsWithSyncJniLibsForDebug
:accordionrecycler:bundleDebugAar
:accordionrecycler:compileDebugSources
:accordionrecycler:assembleDebug
:accordionrecycler:preReleaseBuild UP-TO-DATE
:accordionrecycler:compileReleaseAidl NO-SOURCE
:accordionrecycler:compileReleaseRenderscript
:accordionrecycler:checkReleaseManifest
:accordionrecycler:generateReleaseBuildConfig
:accordionrecycler:generateReleaseResValues
:accordionrecycler:generateReleaseResources
:accordionrecycler:packageReleaseResources
:accordionrecycler:processReleaseManifest
:accordionrecycler:generateReleaseRFile
:accordionrecycler:compileReleaseKotlin
:accordionrecycler:generateReleaseSources
:accordionrecycler:javaPreCompileRelease
:accordionrecycler:compileReleaseJavaWithJavac
:accordionrecycler:extractReleaseAnnotations
:accordionrecycler:mergeReleaseConsumerProguardFiles
:accordionrecycler:mergeReleaseShaders
:accordionrecycler:compileReleaseShaders
:accordionrecycler:generateReleaseAssets
:accordionrecycler:packageReleaseAssets
:accordionrecycler:packageReleaseRenderscript NO-SOURCE
:accordionrecycler:processReleaseJavaRes NO-SOURCE
:accordionrecycler:transformResourcesWithMergeJavaResForRelease
:accordionrecycler:transformClassesAndResourcesWithSyncLibJarsForRelease
:accordionrecycler:compileReleaseNdk NO-SOURCE
:accordionrecycler:mergeReleaseJniLibFolders
:accordionrecycler:transformNativeLibsWithMergeJniLibsForRelease
:accordionrecycler:transformNativeLibsWithStripDebugSymbolForRelease
:accordionrecycler:transformNativeLibsWithSyncJniLibsForRelease
:accordionrecycler:bundleReleaseAar
:accordionrecycler:compileReleaseSources
:accordionrecycler:mergeReleaseResources
:accordionrecycler:verifyReleaseResources
:accordionrecycler:assembleRelease
:accordionrecycler:assemble
:accordionrecycler:build

BUILD SUCCESSFUL in 27s
47 actionable tasks: 47 executed

2019-12-02 20:24:15,093 INFO  ProjectTaskService - Detecting possible tasks...
2019-12-02 20:24:15,094 INFO  SysUtils - Execute command: [/var/folders/bq/vtzpc5ns5sg2cthy61lqpg3dfzgbys/T/1575293009610-0/src/AccordionRecycler-master/gradlew, -b, /var/folders/bq/vtzpc5ns5sg2cthy61lqpg3dfzgbys/T/1575293009610-0/src/AccordionRecycler-master/app/build.gradle, -Dorg.gradle.daemon=false, -Dorg.gradle.daemon.performance.enable-monitoring=false, -Dorg.gradle.configureondemand=true, tasks]
2019-12-02 20:24:22,973 INFO  ProjectTaskService - Detected possible tasks: 72
2019-12-02 20:24:22,973 INFO  ProjectTaskService - Excluded tasks (21): lintDebug javadocJar deviceCheck lint testReleaseUnitTest javadoc uninstallRelease deviceAndroidTest uninstallDebugAndroidTest installDebugAndroidTest connectedCheck connectedDebugAndroidTest uninstallAll sourcesJar test check testDebugUnitTest connectedAndroidTest installDebug lintRelease uninstallDebug
2019-12-02 20:24:22,973 INFO  SysUtils - Execute command: [/var/folders/bq/vtzpc5ns5sg2cthy61lqpg3dfzgbys/T/1575293009610-0/src/AccordionRecycler-master/gradlew, -b, /var/folders/bq/vtzpc5ns5sg2cthy61lqpg3dfzgbys/T/1575293009610-0/src/AccordionRecycler-master/app/build.gradle, -Dorg.gradle.daemon=false, -Dorg.gradle.daemon.performance.enable-monitoring=false, -Dorg.gradle.configureondemand=true, --stacktrace, -x, lintDebug, -x, javadocJar, -x, deviceCheck, -x, lint, -x, testReleaseUnitTest, -x, javadoc, -x, uninstallRelease, -x, deviceAndroidTest, -x, uninstallDebugAndroidTest, -x, installDebugAndroidTest, -x, connectedCheck, -x, connectedDebugAndroidTest, -x, uninstallAll, -x, sourcesJar, -x, test, -x, check, -x, testDebugUnitTest, -x, connectedAndroidTest, -x, installDebug, -x, lintRelease, -x, uninstallDebug, build]
2019-12-02 20:24:29,839 ERROR SysUtils - Could not process external command
org.apache.commons.exec.ExecuteException: Process exited with an error: 1 (Exit value: 1)
	at org.apache.commons.exec.DefaultExecutor.executeInternal(DefaultExecutor.java:404)
	at org.apache.commons.exec.DefaultExecutor.execute(DefaultExecutor.java:166)
	at com.github.vbauer.apkmaster.util.SysUtils.execute(SysUtils.java:67)
	at com.github.vbauer.apkmaster.util.SysUtils.executeSimple(SysUtils.java:43)
	at com.github.vbauer.apkmaster.service.assembly.ProjectBuildService.buildProject(ProjectBuildService.java:78)
	at com.github.vbauer.apkmaster.service.assembly.ProjectBuildService.buildProject(ProjectBuildService.java:64)
	at com.github.vbauer.apkmaster.service.assembly.ProjectBuildService.buildProject(ProjectBuildService.java:43)
	at com.github.vbauer.apkmaster.service.FullProcessService.build(FullProcessService.java:84)
	at com.github.vbauer.apkmaster.service.FullProcessService.process(FullProcessService.java:34)
	at com.github.vbauer.apkmaster.app.MainApplication.process(MainApplication.java:38)
	at com.github.vbauer.apkmaster.app.MainApplication.main(MainApplication.java:20)
	at sun.reflect.NativeMethodAccessorImpl.invoke0(Native Method)
	at sun.reflect.NativeMethodAccessorImpl.invoke(NativeMethodAccessorImpl.java:62)
	at sun.reflect.DelegatingMethodAccessorImpl.invoke(DelegatingMethodAccessorImpl.java:43)
	at java.lang.reflect.Method.invoke(Method.java:498)
	at com.android.arsenal.util.ReflectionUtils.invoke(ReflectionUtils.java:52)
	at com.android.arsenal.util.ApkMasterUtils.main(ApkMasterUtils.java:30)
	at com.android.arsenal.service.processor.impl.BuildProcessorServiceImpl.buildProject(BuildProcessorServiceImpl.java:196)
	at com.android.arsenal.service.processor.impl.BuildProcessorServiceImpl.build(BuildProcessorServiceImpl.java:130)
	at com.android.arsenal.service.processor.impl.BuildProcessorServiceImpl.lambda$null$1(BuildProcessorServiceImpl.java:113)
	at java.util.concurrent.FutureTask.run(FutureTask.java:266)
	at java.util.concurrent.Executors$RunnableAdapter.call(Executors.java:511)
	at java.util.concurrent.FutureTask.run(FutureTask.java:266)
	at java.util.concurrent.ThreadPoolExecutor.runWorker(ThreadPoolExecutor.java:1149)
	at java.util.concurrent.ThreadPoolExecutor$Worker.run(ThreadPoolExecutor.java:624)
	at java.lang.Thread.run(Thread.java:748)
2019-12-02 20:24:29,840 INFO  SysUtils - Configuration on demand is an incubating feature.

FAILURE: Build failed with an exception.

* What went wrong:
Task 'javadocJar' not found in project ':app'.

* Try:
Run gradlew tasks to get a list of available tasks. Run with --info or --debug option to get more log output. Run with --scan to get full insights.

* Exception is:
org.gradle.execution.TaskSelectionException: Task 'javadocJar' not found in project ':app'.
	at org.gradle.execution.TaskSelector.getSelection(TaskSelector.java:116)
	at org.gradle.execution.TaskSelector.getFilter(TaskSelector.java:66)
	at org.gradle.execution.ExcludedTaskFilteringBuildConfigurationAction.configure(ExcludedTaskFilteringBuildConfigurationAction.java:42)
	at org.gradle.execution.DefaultBuildConfigurationActionExecuter.configure(DefaultBuildConfigurationActionExecuter.java:48)
	at org.gradle.execution.DefaultBuildConfigurationActionExecuter.select(DefaultBuildConfigurationActionExecuter.java:36)
	at org.gradle.initialization.DefaultGradleLauncher$CalculateTaskGraph.run(DefaultGradleLauncher.java:286)
	at org.gradle.internal.progress.DefaultBuildOperationExecutor$RunnableBuildOperationWorker.execute(DefaultBuildOperationExecutor.java:336)
	at org.gradle.internal.progress.DefaultBuildOperationExecutor$RunnableBuildOperationWorker.execute(DefaultBuildOperationExecutor.java:328)
	at org.gradle.internal.progress.DefaultBuildOperationExecutor.execute(DefaultBuildOperationExecutor.java:199)
	at org.gradle.internal.progress.DefaultBuildOperationExecutor.run(DefaultBuildOperationExecutor.java:110)
	at org.gradle.initialization.DefaultGradleLauncher.constructTaskGraph(DefaultGradleLauncher.java:181)
	at org.gradle.initialization.DefaultGradleLauncher.doBuildStages(DefaultGradleLauncher.java:136)
	at org.gradle.initialization.DefaultGradleLauncher.executeTasks(DefaultGradleLauncher.java:115)
	at org.gradle.internal.invocation.GradleBuildController$1.call(GradleBuildController.java:78)
	at org.gradle.internal.invocation.GradleBuildController$1.call(GradleBuildController.java:75)
	at org.gradle.internal.work.DefaultWorkerLeaseService.withLocks(DefaultWorkerLeaseService.java:152)
	at org.gradle.internal.invocation.GradleBuildController.doBuild(GradleBuildController.java:100)
	at org.gradle.internal.invocation.GradleBuildController.run(GradleBuildController.java:75)
	at org.gradle.tooling.internal.provider.ExecuteBuildActionRunner.run(ExecuteBuildActionRunner.java:28)
	at org.gradle.launcher.exec.ChainingBuildActionRunner.run(ChainingBuildActionRunner.java:35)
	at org.gradle.tooling.internal.provider.ValidatingBuildActionRunner.run(ValidatingBuildActionRunner.java:32)
	at org.gradle.launcher.exec.RunAsBuildOperationBuildActionRunner$1.run(RunAsBuildOperationBuildActionRunner.java:43)
	at org.gradle.internal.progress.DefaultBuildOperationExecutor$RunnableBuildOperationWorker.execute(DefaultBuildOperationExecutor.java:336)
	at org.gradle.internal.progress.DefaultBuildOperationExecutor$RunnableBuildOperationWorker.execute(DefaultBuildOperationExecutor.java:328)
	at org.gradle.internal.progress.DefaultBuildOperationExecutor.execute(DefaultBuildOperationExecutor.java:199)
	at org.gradle.internal.progress.DefaultBuildOperationExecutor.run(DefaultBuildOperationExecutor.java:110)
	at org.gradle.launcher.exec.RunAsBuildOperationBuildActionRunner.run(RunAsBuildOperationBuildActionRunner.java:40)
	at org.gradle.tooling.internal.provider.SubscribableBuildActionRunner.run(SubscribableBuildActionRunner.java:51)
	at org.gradle.launcher.exec.InProcessBuildActionExecuter.execute(InProcessBuildActionExecuter.java:49)
	at org.gradle.launcher.exec.InProcessBuildActionExecuter.execute(InProcessBuildActionExecuter.java:32)
	at org.gradle.launcher.exec.BuildTreeScopeBuildActionExecuter.execute(BuildTreeScopeBuildActionExecuter.java:39)
	at org.gradle.launcher.exec.BuildTreeScopeBuildActionExecuter.execute(BuildTreeScopeBuildActionExecuter.java:25)
	at org.gradle.tooling.internal.provider.ContinuousBuildActionExecuter.execute(ContinuousBuildActionExecuter.java:80)
	at org.gradle.tooling.internal.provider.ContinuousBuildActionExecuter.execute(ContinuousBuildActionExecuter.java:53)
	at org.gradle.tooling.internal.provider.ServicesSetupBuildActionExecuter.execute(ServicesSetupBuildActionExecuter.java:57)
	at org.gradle.tooling.internal.provider.ServicesSetupBuildActionExecuter.execute(ServicesSetupBuildActionExecuter.java:32)
	at org.gradle.tooling.internal.provider.GradleThreadBuildActionExecuter.execute(GradleThreadBuildActionExecuter.java:36)
	at org.gradle.tooling.internal.provider.GradleThreadBuildActionExecuter.execute(GradleThreadBuildActionExecuter.java:25)
	at org.gradle.tooling.internal.provider.ParallelismConfigurationBuildActionExecuter.execute(ParallelismConfigurationBuildActionExecuter.java:43)
	at org.gradle.tooling.internal.provider.ParallelismConfigurationBuildActionExecuter.execute(ParallelismConfigurationBuildActionExecuter.java:29)
	at org.gradle.tooling.internal.provider.StartParamsValidatingActionExecuter.execute(StartParamsValidatingActionExecuter.java:64)
	at org.gradle.tooling.internal.provider.StartParamsValidatingActionExecuter.execute(StartParamsValidatingActionExecuter.java:29)
	at org.gradle.tooling.internal.provider.SessionFailureReportingActionExecuter.execute(SessionFailureReportingActionExecuter.java:59)
	at org.gradle.tooling.internal.provider.SessionFailureReportingActionExecuter.execute(SessionFailureReportingActionExecuter.java:44)
	at org.gradle.tooling.internal.provider.SetupLoggingActionExecuter.execute(SetupLoggingActionExecuter.java:45)
	at org.gradle.tooling.internal.provider.SetupLoggingActionExecuter.execute(SetupLoggingActionExecuter.java:30)
	at org.gradle.launcher.cli.RunBuildAction.run(RunBuildAction.java:51)
	at org.gradle.internal.Actions$RunnableActionAdapter.execute(Actions.java:173)
	at org.gradle.launcher.cli.CommandLineActionFactory$ParseAndBuildAction.execute(CommandLineActionFactory.java:285)
	at org.gradle.launcher.cli.CommandLineActionFactory$ParseAndBuildAction.execute(CommandLineActionFactory.java:258)
	at org.gradle.launcher.cli.ExceptionReportingAction.execute(ExceptionReportingAction.java:33)
	at org.gradle.launcher.cli.ExceptionReportingAction.execute(ExceptionReportingAction.java:22)
	at org.gradle.launcher.cli.CommandLineActionFactory$WithLogging.execute(CommandLineActionFactory.java:251)
	at org.gradle.launcher.cli.CommandLineActionFactory$WithLogging.execute(CommandLineActionFactory.java:185)
	at org.gradle.launcher.Main.doAction(Main.java:36)
	at org.gradle.launcher.bootstrap.EntryPoint.run(EntryPoint.java:45)
	at org.gradle.launcher.bootstrap.ProcessBootstrap.runNoExit(ProcessBootstrap.java:60)
	at org.gradle.launcher.bootstrap.ProcessBootstrap.run(ProcessBootstrap.java:37)
	at org.gradle.launcher.GradleMain.main(GradleMain.java:23)
	at org.gradle.wrapper.BootstrapMainStarter.start(BootstrapMainStarter.java:31)
	at org.gradle.wrapper.WrapperExecutor.execute(WrapperExecutor.java:108)
	at org.gradle.wrapper.GradleWrapperMain.main(GradleWrapperMain.java:61)


* Get more help at https://help.gradle.org

BUILD FAILED in 6s

2019-12-02 20:24:29,840 ERROR ProjectBuildService - Excluded tasks were detected wrong
2019-12-02 20:24:29,840 INFO  SysUtils - Execute command: [/var/folders/bq/vtzpc5ns5sg2cthy61lqpg3dfzgbys/T/1575293009610-0/src/AccordionRecycler-master/gradlew, -b, /var/folders/bq/vtzpc5ns5sg2cthy61lqpg3dfzgbys/T/1575293009610-0/src/AccordionRecycler-master/app/build.gradle, -Dorg.gradle.daemon=false, -Dorg.gradle.daemon.performance.enable-monitoring=false, -Dorg.gradle.configureondemand=true, --stacktrace, build]
2019-12-02 20:25:26,281 INFO  SysUtils - Configuration on demand is an incubating feature.
:accordionrecycler:preBuild UP-TO-DATE
:accordionrecycler:preDebugBuild UP-TO-DATE
:accordionrecycler:compileDebugAidl NO-SOURCE
:accordionrecycler:compileDebugRenderscript UP-TO-DATE
:accordionrecycler:checkDebugManifest UP-TO-DATE
:accordionrecycler:generateDebugBuildConfig UP-TO-DATE
:accordionrecycler:generateDebugResValues UP-TO-DATE
:accordionrecycler:generateDebugResources UP-TO-DATE
:accordionrecycler:packageDebugResources UP-TO-DATE
:accordionrecycler:processDebugManifest UP-TO-DATE
:accordionrecycler:generateDebugRFile UP-TO-DATE
:accordionrecycler:compileDebugKotlin UP-TO-DATE
:accordionrecycler:prepareLintJar UP-TO-DATE
:accordionrecycler:generateDebugSources UP-TO-DATE
:accordionrecycler:javaPreCompileDebug UP-TO-DATE
:accordionrecycler:compileDebugJavaWithJavac UP-TO-DATE
:accordionrecycler:processDebugJavaRes NO-SOURCE
:accordionrecycler:transformClassesAndResourcesWithPrepareIntermediateJarsForDebug
:app:checkDebugClasspath
:app:preBuild UP-TO-DATE
:app:preDebugBuild
:app:compileDebugAidl NO-SOURCE
:accordionrecycler:packageDebugRenderscript NO-SOURCE
:app:compileDebugRenderscript
:app:checkDebugManifest
:app:generateDebugBuildConfig
:app:mainApkListPersistenceDebug
:app:generateDebugResValues
:app:generateDebugResources
:app:mergeDebugResources
:app:createDebugCompatibleScreenManifests
:app:processDebugManifest
:app:splitsDiscoveryTaskDebug
:app:processDebugResources
:app:compileDebugKotlin
:app:prepareLintJar
:app:generateDebugSources
:app:javaPreCompileDebug
:app:compileDebugJavaWithJavac
:app:compileDebugNdk NO-SOURCE
:app:compileDebugSources
:accordionrecycler:mergeDebugShaders UP-TO-DATE
:accordionrecycler:compileDebugShaders UP-TO-DATE
:accordionrecycler:generateDebugAssets UP-TO-DATE
:accordionrecycler:packageDebugAssets UP-TO-DATE
:app:mergeDebugShaders
:app:compileDebugShaders
:app:generateDebugAssets
:app:mergeDebugAssets
:app:transformClassesWithDexBuilderForDebug
:app:transformDexArchiveWithExternalLibsDexMergerForDebug
:app:transformDexArchiveWithDexMergerForDebug
:accordionrecycler:compileDebugNdk NO-SOURCE
:accordionrecycler:mergeDebugJniLibFolders UP-TO-DATE
:accordionrecycler:transformNativeLibsWithMergeJniLibsForDebug UP-TO-DATE
:accordionrecycler:transformNativeLibsWithStripDebugSymbolForDebug UP-TO-DATE
:accordionrecycler:transformNativeLibsWithIntermediateJniLibsForDebug
:app:mergeDebugJniLibFolders
:app:transformNativeLibsWithMergeJniLibsForDebug
:app:transformNativeLibsWithStripDebugSymbolForDebug
:app:checkDebugLibraries
:app:processDebugJavaRes NO-SOURCE
:app:transformResourcesWithMergeJavaResForDebug
:app:validateSigningDebug
:app:packageDebug
:app:assembleDebug
:accordionrecycler:preReleaseBuild UP-TO-DATE
:accordionrecycler:compileReleaseAidl NO-SOURCE
:accordionrecycler:compileReleaseRenderscript UP-TO-DATE
:accordionrecycler:checkReleaseManifest UP-TO-DATE
:accordionrecycler:generateReleaseBuildConfig UP-TO-DATE
:accordionrecycler:generateReleaseResValues UP-TO-DATE
:accordionrecycler:generateReleaseResources UP-TO-DATE
:accordionrecycler:packageReleaseResources UP-TO-DATE
:accordionrecycler:processReleaseManifest UP-TO-DATE
:accordionrecycler:generateReleaseRFile UP-TO-DATE
:accordionrecycler:compileReleaseKotlin UP-TO-DATE
:accordionrecycler:generateReleaseSources UP-TO-DATE
:accordionrecycler:javaPreCompileRelease UP-TO-DATE
:accordionrecycler:compileReleaseJavaWithJavac UP-TO-DATE
:accordionrecycler:processReleaseJavaRes NO-SOURCE
:accordionrecycler:transformClassesAndResourcesWithPrepareIntermediateJarsForRelease
:app:checkReleaseClasspath
:app:preReleaseBuild
:app:compileReleaseAidl NO-SOURCE
:accordionrecycler:packageReleaseRenderscript NO-SOURCE
:app:compileReleaseRenderscript
:app:checkReleaseManifest
:app:generateReleaseBuildConfig
:app:mainApkListPersistenceRelease
:app:generateReleaseResValues
:app:generateReleaseResources
:app:mergeReleaseResources
:app:createReleaseCompatibleScreenManifests
:app:processReleaseManifest
:app:splitsDiscoveryTaskRelease
:app:processReleaseResources
:app:compileReleaseKotlin
:app:generateReleaseSources
:app:javaPreCompileRelease
:app:compileReleaseJavaWithJavac
:app:compileReleaseNdk NO-SOURCE
:app:compileReleaseSources
:app:lintVitalRelease SKIPPED
:accordionrecycler:mergeReleaseShaders UP-TO-DATE
:accordionrecycler:compileReleaseShaders UP-TO-DATE
:accordionrecycler:generateReleaseAssets UP-TO-DATE
:accordionrecycler:packageReleaseAssets UP-TO-DATE
:app:mergeReleaseShaders
:app:compileReleaseShaders
:app:generateReleaseAssets
:app:mergeReleaseAssets
:app:transformClassesWithDexBuilderForRelease
:app:transformDexArchiveWithExternalLibsDexMergerForRelease
:app:transformDexArchiveWithDexMergerForRelease
:accordionrecycler:compileReleaseNdk NO-SOURCE
:accordionrecycler:mergeReleaseJniLibFolders UP-TO-DATE
:accordionrecycler:transformNativeLibsWithMergeJniLibsForRelease UP-TO-DATE
:accordionrecycler:transformNativeLibsWithStripDebugSymbolForRelease UP-TO-DATE
:accordionrecycler:transformNativeLibsWithIntermediateJniLibsForRelease
:app:mergeReleaseJniLibFolders
:app:transformNativeLibsWithMergeJniLibsForRelease
:app:transformNativeLibsWithStripDebugSymbolForRelease
:app:checkReleaseLibraries
:app:processReleaseJavaRes NO-SOURCE
:app:transformResourcesWithMergeJavaResForRelease
:app:packageRelease
:app:assembleRelease
:app:assemble
:app:lint
Ran lint on variant release: 10 issues found
Ran lint on variant debug: 10 issues found
Wrote HTML report to file:///private/var/folders/bq/vtzpc5ns5sg2cthy61lqpg3dfzgbys/T/1575293009610-0/src/AccordionRecycler-master/app/build/reports/lint-results.html
Wrote XML report to file:///private/var/folders/bq/vtzpc5ns5sg2cthy61lqpg3dfzgbys/T/1575293009610-0/src/AccordionRecycler-master/app/build/reports/lint-results.xml
:app:compileDebugUnitTestKotlin
:app:generateDebugUnitTestSources
:app:preDebugUnitTestBuild UP-TO-DATE
:app:javaPreCompileDebugUnitTest
:app:compileDebugUnitTestJavaWithJavac NO-SOURCE
:app:processDebugUnitTestJavaRes NO-SOURCE
:app:testDebugUnitTest NO-SOURCE
:app:compileReleaseUnitTestKotlin
:app:generateReleaseUnitTestSources
:app:preReleaseUnitTestBuild UP-TO-DATE
:app:javaPreCompileReleaseUnitTest
:app:compileReleaseUnitTestJavaWithJavac NO-SOURCE
:app:processReleaseUnitTestJavaRes NO-SOURCE
:app:testReleaseUnitTest NO-SOURCE
:app:test UP-TO-DATE
:app:check
:app:build

BUILD SUCCESSFUL in 55s
98 actionable tasks: 65 executed, 33 up-to-date

2019-12-02 20:25:26,428 INFO  FullProcessService - Found APK file: /var/folders/bq/vtzpc5ns5sg2cthy61lqpg3dfzgbys/T/1575293009610-0/src/AccordionRecycler-master/app/build/outputs/apk/debug/app-debug.apk
