2019-01-29 17:19:41,709 INFO  DownloadService - Downloading "https://github.com/1AboveAll/Hasher/archive/master.zip", attempt 3
2019-01-29 17:19:42,287 INFO  DownloadService - Downloaded https://github.com/1AboveAll/Hasher/archive/master.zip, attempt 3
2019-01-29 17:19:42,287 INFO  DownloadService - Size of file "/var/folders/bq/vtzpc5ns5sg2cthy61lqpg3dfzgbys/T/1548771581700-0/master.zip": 147 KB
2019-01-29 17:19:42,287 INFO  ArchiveUtils - Checking entries [.gradle] in ZIP file...
2019-01-29 17:19:42,292 INFO  ArchiveUtils - Has entries [.gradle] in ZIP file /var/folders/bq/vtzpc5ns5sg2cthy61lqpg3dfzgbys/T/1548771581700-0/master.zip: true
2019-01-29 17:19:42,293 DEBUG ZipUtil - Extracting '/var/folders/bq/vtzpc5ns5sg2cthy61lqpg3dfzgbys/T/1548771581700-0/master.zip' into '/var/folders/bq/vtzpc5ns5sg2cthy61lqpg3dfzgbys/T/1548771581700-0/src'.
2019-01-29 17:19:42,314 INFO  FullProcessService - Size of directory with sources: 162 KB
2019-01-29 17:19:42,314 INFO  SysUtils - Execute command: [git, init, /var/folders/bq/vtzpc5ns5sg2cthy61lqpg3dfzgbys/T/1548771581700-0/src]
2019-01-29 17:19:42,333 INFO  SysUtils - Initialized empty Git repository in /private/var/folders/bq/vtzpc5ns5sg2cthy61lqpg3dfzgbys/T/1548771581700-0/src/.git/

2019-01-29 17:19:42,336 INFO  ProjectBuildService - Gradle wrapper(s): /var/folders/bq/vtzpc5ns5sg2cthy61lqpg3dfzgbys/T/1548771581700-0/src/Hasher-master/gradlew
2019-01-29 17:19:42,340 INFO  ProjectBuildService - Build script(s): /var/folders/bq/vtzpc5ns5sg2cthy61lqpg3dfzgbys/T/1548771581700-0/src/Hasher-master/app/build.gradle /var/folders/bq/vtzpc5ns5sg2cthy61lqpg3dfzgbys/T/1548771581700-0/src/Hasher-master/hasher/build.gradle /var/folders/bq/vtzpc5ns5sg2cthy61lqpg3dfzgbys/T/1548771581700-0/src/Hasher-master/build.gradle
2019-01-29 17:19:42,343 INFO  ProjectBuildService - All script(s): /var/folders/bq/vtzpc5ns5sg2cthy61lqpg3dfzgbys/T/1548771581700-0/src/Hasher-master/hasher/build.gradle /var/folders/bq/vtzpc5ns5sg2cthy61lqpg3dfzgbys/T/1548771581700-0/src/Hasher-master/app/build.gradle /var/folders/bq/vtzpc5ns5sg2cthy61lqpg3dfzgbys/T/1548771581700-0/src/Hasher-master/build.gradle /var/folders/bq/vtzpc5ns5sg2cthy61lqpg3dfzgbys/T/1548771581700-0/src/Hasher-master/settings.gradle
2019-01-29 17:19:42,343 INFO  ProjectBuildService - Remote scripts: none
2019-01-29 17:19:42,343 INFO  ProjectFixService - Fixing project...
2019-01-29 17:19:42,352 INFO  LocalPropertiesFixService - Created fake /var/folders/bq/vtzpc5ns5sg2cthy61lqpg3dfzgbys/T/1548771581700-0/src/Hasher-master/app/local.properties
2019-01-29 17:19:42,353 INFO  ProjectFixService - Build info for "/var/folders/bq/vtzpc5ns5sg2cthy61lqpg3dfzgbys/T/1548771581700-0/src/Hasher-master/app/build.gradle": [buildToolsVersion=<null>,compileSdkVersion=28,minSdkVersion=14,targetSdkVersion=28]
2019-01-29 17:19:42,353 INFO  ProjectFixService - Fixed build info for "/var/folders/bq/vtzpc5ns5sg2cthy61lqpg3dfzgbys/T/1548771581700-0/src/Hasher-master/app/build.gradle": [buildToolsVersion=28.0.0-rc2,compileSdkVersion=28,minSdkVersion=14,targetSdkVersion=28]
2019-01-29 17:19:42,354 INFO  LocalPropertiesFixService - Created fake /var/folders/bq/vtzpc5ns5sg2cthy61lqpg3dfzgbys/T/1548771581700-0/src/Hasher-master/hasher/local.properties
2019-01-29 17:19:42,354 INFO  ProjectFixService - Build info for "/var/folders/bq/vtzpc5ns5sg2cthy61lqpg3dfzgbys/T/1548771581700-0/src/Hasher-master/hasher/build.gradle": [buildToolsVersion=<null>,compileSdkVersion=28,minSdkVersion=14,targetSdkVersion=28]
2019-01-29 17:19:42,355 INFO  ProjectFixService - Fixed build info for "/var/folders/bq/vtzpc5ns5sg2cthy61lqpg3dfzgbys/T/1548771581700-0/src/Hasher-master/hasher/build.gradle": [buildToolsVersion=28.0.0-rc2,compileSdkVersion=28,minSdkVersion=14,targetSdkVersion=28]
2019-01-29 17:19:42,355 INFO  LocalPropertiesFixService - Created fake /var/folders/bq/vtzpc5ns5sg2cthy61lqpg3dfzgbys/T/1548771581700-0/src/Hasher-master/local.properties
2019-01-29 17:19:42,355 INFO  WrapperPropertiesFixService - Gradle wrapper: https://services.gradle.org/distributions/gradle-4.6-all.zip
2019-01-29 17:19:42,356 INFO  WrapperPropertiesFixService - Gradle wrapper was changed from "-all.zip" to "-bin.zip" (https://services.gradle.org/distributions/gradle-4.6-bin.zip)
2019-01-29 17:19:42,357 INFO  ProjectFixService - Build info for "/var/folders/bq/vtzpc5ns5sg2cthy61lqpg3dfzgbys/T/1548771581700-0/src/Hasher-master/build.gradle": [buildToolsVersion=<null>,compileSdkVersion=28,minSdkVersion=14,targetSdkVersion=28]
2019-01-29 17:19:42,357 INFO  ProjectFixService - Fixed build info for "/var/folders/bq/vtzpc5ns5sg2cthy61lqpg3dfzgbys/T/1548771581700-0/src/Hasher-master/build.gradle": [buildToolsVersion=28.0.0-rc2,compileSdkVersion=28,minSdkVersion=14,targetSdkVersion=28]
2019-01-29 17:19:42,357 INFO  ProjectFixService - Project was maybe fixed
2019-01-29 17:19:42,357 INFO  ProjectTaskService - Detecting possible tasks...
2019-01-29 17:19:42,358 INFO  SysUtils - Execute command: [/var/folders/bq/vtzpc5ns5sg2cthy61lqpg3dfzgbys/T/1548771581700-0/src/Hasher-master/gradlew, -b, /var/folders/bq/vtzpc5ns5sg2cthy61lqpg3dfzgbys/T/1548771581700-0/src/Hasher-master/app/build.gradle, -Dorg.gradle.daemon=false, -Dorg.gradle.daemon.performance.enable-monitoring=false, -Dorg.gradle.configureondemand=true, tasks]
2019-01-29 17:19:49,117 INFO  ProjectTaskService - Detected possible tasks: 69
2019-01-29 17:19:49,117 INFO  ProjectTaskService - Excluded tasks (18): lintDebug deviceCheck lint testReleaseUnitTest uninstallRelease deviceAndroidTest uninstallDebugAndroidTest installDebugAndroidTest connectedCheck connectedDebugAndroidTest uninstallAll test check testDebugUnitTest connectedAndroidTest installDebug lintRelease uninstallDebug
2019-01-29 17:19:49,117 INFO  SysUtils - Execute command: [/var/folders/bq/vtzpc5ns5sg2cthy61lqpg3dfzgbys/T/1548771581700-0/src/Hasher-master/gradlew, -b, /var/folders/bq/vtzpc5ns5sg2cthy61lqpg3dfzgbys/T/1548771581700-0/src/Hasher-master/app/build.gradle, -Dorg.gradle.daemon=false, -Dorg.gradle.daemon.performance.enable-monitoring=false, -Dorg.gradle.configureondemand=true, --stacktrace, -x, lintDebug, -x, deviceCheck, -x, lint, -x, testReleaseUnitTest, -x, uninstallRelease, -x, deviceAndroidTest, -x, uninstallDebugAndroidTest, -x, installDebugAndroidTest, -x, connectedCheck, -x, connectedDebugAndroidTest, -x, uninstallAll, -x, test, -x, check, -x, testDebugUnitTest, -x, connectedAndroidTest, -x, installDebug, -x, lintRelease, -x, uninstallDebug, build]
2019-01-29 17:20:08,473 ERROR SysUtils - Could not process external command
org.apache.commons.exec.ExecuteException: Process exited with an error: 1 (Exit value: 1)
	at org.apache.commons.exec.DefaultExecutor.executeInternal(DefaultExecutor.java:404)
	at org.apache.commons.exec.DefaultExecutor.execute(DefaultExecutor.java:166)
	at com.github.vbauer.apkmaster.util.SysUtils.execute(SysUtils.java:67)
	at com.github.vbauer.apkmaster.util.SysUtils.executeSimple(SysUtils.java:43)
	at com.github.vbauer.apkmaster.service.assembly.ProjectBuildService.buildProject(ProjectBuildService.java:78)
	at com.github.vbauer.apkmaster.service.assembly.ProjectBuildService.buildProject(ProjectBuildService.java:64)
	at com.github.vbauer.apkmaster.service.assembly.ProjectBuildService.buildProject(ProjectBuildService.java:43)
	at com.github.vbauer.apkmaster.service.FullProcessService.build(FullProcessService.java:84)
	at com.github.vbauer.apkmaster.service.FullProcessService.process(FullProcessService.java:34)
	at com.github.vbauer.apkmaster.app.MainApplication.process(MainApplication.java:38)
	at com.github.vbauer.apkmaster.app.MainApplication.main(MainApplication.java:20)
	at sun.reflect.GeneratedMethodAccessor8.invoke(Unknown Source)
	at sun.reflect.DelegatingMethodAccessorImpl.invoke(DelegatingMethodAccessorImpl.java:43)
	at java.lang.reflect.Method.invoke(Method.java:498)
	at com.android.arsenal.util.ReflectionUtils.invoke(ReflectionUtils.java:52)
	at com.android.arsenal.util.ApkMasterUtils.main(ApkMasterUtils.java:30)
	at com.android.arsenal.service.processor.impl.BuildProcessorServiceImpl.buildProject(BuildProcessorServiceImpl.java:196)
	at com.android.arsenal.service.processor.impl.BuildProcessorServiceImpl.build(BuildProcessorServiceImpl.java:130)
	at com.android.arsenal.service.processor.impl.BuildProcessorServiceImpl.lambda$createTasks$1(BuildProcessorServiceImpl.java:113)
	at java.util.concurrent.FutureTask.run(FutureTask.java:266)
	at java.util.concurrent.Executors$RunnableAdapter.call(Executors.java:511)
	at java.util.concurrent.FutureTask.run(FutureTask.java:266)
	at java.util.concurrent.ThreadPoolExecutor.runWorker(ThreadPoolExecutor.java:1149)
	at java.util.concurrent.ThreadPoolExecutor$Worker.run(ThreadPoolExecutor.java:624)
	at java.lang.Thread.run(Thread.java:748)
2019-01-29 17:20:08,473 INFO  SysUtils - Configuration on demand is an incubating feature.
:app:checkDebugClasspath
:app:preBuild UP-TO-DATE
:hasher:preBuild UP-TO-DATE
:hasher:preDebugBuild UP-TO-DATE
:hasher:checkDebugManifest
:hasher:processDebugManifest
:app:preDebugBuild
:hasher:compileDebugAidl NO-SOURCE
:app:compileDebugAidl NO-SOURCE
:hasher:packageDebugRenderscript NO-SOURCE
:app:compileDebugRenderscript
:app:checkDebugManifest
:app:generateDebugBuildConfig
:app:mainApkListPersistenceDebug
:app:generateDebugResValues
:app:generateDebugResources
:hasher:compileDebugRenderscript
:hasher:generateDebugResValues
:hasher:generateDebugResources
:hasher:packageDebugResources
:app:mergeDebugResources
:app:createDebugCompatibleScreenManifests
:app:processDebugManifest
:app:splitsDiscoveryTaskDebug
:hasher:generateDebugRFile
:app:processDebugResources
:hasher:generateDebugBuildConfig
:hasher:compileDebugKotlin
:hasher:prepareLintJar
:hasher:generateDebugSources
:hasher:javaPreCompileDebug
:hasher:compileDebugJavaWithJavac
:hasher:processDebugJavaRes NO-SOURCE
:hasher:transformClassesAndResourcesWithPrepareIntermediateJarsForDebug
:app:compileDebugKotline: /private/var/folders/bq/vtzpc5ns5sg2cthy61lqpg3dfzgbys/T/1548771581700-0/src/Hasher-master/app/src/main/java/com/himanshurawat/hashertest/MainActivity.kt: (15, 25): Unresolved reference: hash
e: /private/var/folders/bq/vtzpc5ns5sg2cthy61lqpg3dfzgbys/T/1548771581700-0/src/Hasher-master/app/src/main/java/com/himanshurawat/hashertest/MainActivity.kt: (15, 45): Unresolved reference: SHA_1
e: /private/var/folders/bq/vtzpc5ns5sg2cthy61lqpg3dfzgbys/T/1548771581700-0/src/Hasher-master/app/src/main/java/com/himanshurawat/hashertest/MainActivity.kt: (16, 25): Unresolved reference: hash
e: /private/var/folders/bq/vtzpc5ns5sg2cthy61lqpg3dfzgbys/T/1548771581700-0/src/Hasher-master/app/src/main/java/com/himanshurawat/hashertest/MainActivity.kt: (16, 45): Unresolved reference: SHA_256
e: /private/var/folders/bq/vtzpc5ns5sg2cthy61lqpg3dfzgbys/T/1548771581700-0/src/Hasher-master/app/src/main/java/com/himanshurawat/hashertest/MainActivity.kt: (17, 25): Unresolved reference: hash
e: /private/var/folders/bq/vtzpc5ns5sg2cthy61lqpg3dfzgbys/T/1548771581700-0/src/Hasher-master/app/src/main/java/com/himanshurawat/hashertest/MainActivity.kt: (17, 45): Unresolved reference: SHA_512
e: /private/var/folders/bq/vtzpc5ns5sg2cthy61lqpg3dfzgbys/T/1548771581700-0/src/Hasher-master/app/src/main/java/com/himanshurawat/hashertest/MainActivity.kt: (18, 25): Unresolved reference: hash
e: /private/var/folders/bq/vtzpc5ns5sg2cthy61lqpg3dfzgbys/T/1548771581700-0/src/Hasher-master/app/src/main/java/com/himanshurawat/hashertest/MainActivity.kt: (18, 45): Unresolved reference: SHA_384
e: /private/var/folders/bq/vtzpc5ns5sg2cthy61lqpg3dfzgbys/T/1548771581700-0/src/Hasher-master/app/src/main/java/com/himanshurawat/hashertest/MainActivity.kt: (19, 25): Unresolved reference: hash
 FAILED

FAILURE: Build failed with an exception.

* What went wrong:
Execution failed for task ':app:compileDebugKotlin'.
> Compilation error. See log for more details

* Try:
Run with --info or --debug option to get more log output. Run with --scan to get full insights.

* Exception is:
org.gradle.api.tasks.TaskExecutionException: Execution failed for task ':app:compileDebugKotlin'.
	at org.gradle.api.internal.tasks.execution.ExecuteActionsTaskExecuter.executeActions(ExecuteActionsTaskExecuter.java:103)
	at org.gradle.api.internal.tasks.execution.ExecuteActionsTaskExecuter.execute(ExecuteActionsTaskExecuter.java:73)
	at org.gradle.api.internal.tasks.execution.OutputDirectoryCreatingTaskExecuter.execute(OutputDirectoryCreatingTaskExecuter.java:51)
	at org.gradle.api.internal.tasks.execution.SkipUpToDateTaskExecuter.execute(SkipUpToDateTaskExecuter.java:59)
	at org.gradle.api.internal.tasks.execution.ResolveTaskOutputCachingStateExecuter.execute(ResolveTaskOutputCachingStateExecuter.java:54)
	at org.gradle.api.internal.tasks.execution.ValidatingTaskExecuter.execute(ValidatingTaskExecuter.java:59)
	at org.gradle.api.internal.tasks.execution.SkipEmptySourceFilesTaskExecuter.execute(SkipEmptySourceFilesTaskExecuter.java:101)
	at org.gradle.api.internal.tasks.execution.FinalizeInputFilePropertiesTaskExecuter.execute(FinalizeInputFilePropertiesTaskExecuter.java:44)
	at org.gradle.api.internal.tasks.execution.CleanupStaleOutputsExecuter.execute(CleanupStaleOutputsExecuter.java:91)
	at org.gradle.api.internal.tasks.execution.ResolveTaskArtifactStateTaskExecuter.execute(ResolveTaskArtifactStateTaskExecuter.java:62)
	at org.gradle.api.internal.tasks.execution.SkipTaskWithNoActionsExecuter.execute(SkipTaskWithNoActionsExecuter.java:59)
	at org.gradle.api.internal.tasks.execution.SkipOnlyIfTaskExecuter.execute(SkipOnlyIfTaskExecuter.java:54)
	at org.gradle.api.internal.tasks.execution.ExecuteAtMostOnceTaskExecuter.execute(ExecuteAtMostOnceTaskExecuter.java:43)
	at org.gradle.api.internal.tasks.execution.CatchExceptionTaskExecuter.execute(CatchExceptionTaskExecuter.java:34)
	at org.gradle.execution.taskgraph.DefaultTaskGraphExecuter$EventFiringTaskWorker$1.run(DefaultTaskGraphExecuter.java:256)
	at org.gradle.internal.progress.DefaultBuildOperationExecutor$RunnableBuildOperationWorker.execute(DefaultBuildOperationExecutor.java:336)
	at org.gradle.internal.progress.DefaultBuildOperationExecutor$RunnableBuildOperationWorker.execute(DefaultBuildOperationExecutor.java:328)
	at org.gradle.internal.progress.DefaultBuildOperationExecutor.execute(DefaultBuildOperationExecutor.java:199)
	at org.gradle.internal.progress.DefaultBuildOperationExecutor.run(DefaultBuildOperationExecutor.java:110)
	at org.gradle.execution.taskgraph.DefaultTaskGraphExecuter$EventFiringTaskWorker.execute(DefaultTaskGraphExecuter.java:249)
	at org.gradle.execution.taskgraph.DefaultTaskGraphExecuter$EventFiringTaskWorker.execute(DefaultTaskGraphExecuter.java:238)
	at org.gradle.execution.taskgraph.DefaultTaskPlanExecutor$TaskExecutorWorker.processTask(DefaultTaskPlanExecutor.java:123)
	at org.gradle.execution.taskgraph.DefaultTaskPlanExecutor$TaskExecutorWorker.access$200(DefaultTaskPlanExecutor.java:79)
	at org.gradle.execution.taskgraph.DefaultTaskPlanExecutor$TaskExecutorWorker$1.execute(DefaultTaskPlanExecutor.java:104)
	at org.gradle.execution.taskgraph.DefaultTaskPlanExecutor$TaskExecutorWorker$1.execute(DefaultTaskPlanExecutor.java:98)
	at org.gradle.execution.taskgraph.DefaultTaskExecutionPlan.execute(DefaultTaskExecutionPlan.java:663)
	at org.gradle.execution.taskgraph.DefaultTaskExecutionPlan.executeWithTask(DefaultTaskExecutionPlan.java:597)
	at org.gradle.execution.taskgraph.DefaultTaskPlanExecutor$TaskExecutorWorker.run(DefaultTaskPlanExecutor.java:98)
	at org.gradle.internal.concurrent.ExecutorPolicy$CatchAndRecordFailures.onExecute(ExecutorPolicy.java:63)
	at org.gradle.internal.concurrent.ManagedExecutorImpl$1.run(ManagedExecutorImpl.java:46)
	at org.gradle.internal.concurrent.ThreadFactoryImpl$ManagedThreadRunnable.run(ThreadFactoryImpl.java:55)
Caused by: org.gradle.api.GradleException: Compilation error. See log for more details
	at org.jetbrains.kotlin.gradle.tasks.TasksUtilsKt.throwGradleExceptionIfError(tasksUtils.kt:16)
	at org.jetbrains.kotlin.gradle.tasks.KotlinCompile.processCompilerExitCode(Tasks.kt:453)
	at org.jetbrains.kotlin.gradle.tasks.KotlinCompile.callCompiler$kotlin_gradle_plugin(Tasks.kt:415)
	at org.jetbrains.kotlin.gradle.tasks.KotlinCompile.callCompiler$kotlin_gradle_plugin(Tasks.kt:309)
	at org.jetbrains.kotlin.gradle.tasks.AbstractKotlinCompile.execute(Tasks.kt:270)
	at org.gradle.internal.reflect.JavaMethod.invoke(JavaMethod.java:73)
	at org.gradle.api.internal.project.taskfactory.IncrementalTaskAction.doExecute(IncrementalTaskAction.java:50)
	at org.gradle.api.internal.project.taskfactory.StandardTaskAction.execute(StandardTaskAction.java:39)
	at org.gradle.api.internal.project.taskfactory.StandardTaskAction.execute(StandardTaskAction.java:26)
	at org.gradle.api.internal.tasks.execution.ExecuteActionsTaskExecuter$1.run(ExecuteActionsTaskExecuter.java:124)
	at org.gradle.internal.progress.DefaultBuildOperationExecutor$RunnableBuildOperationWorker.execute(DefaultBuildOperationExecutor.java:336)
	at org.gradle.internal.progress.DefaultBuildOperationExecutor$RunnableBuildOperationWorker.execute(DefaultBuildOperationExecutor.java:328)
	at org.gradle.internal.progress.DefaultBuildOperationExecutor.execute(DefaultBuildOperationExecutor.java:199)
	at org.gradle.internal.progress.DefaultBuildOperationExecutor.run(DefaultBuildOperationExecutor.java:110)
	at org.gradle.api.internal.tasks.execution.ExecuteActionsTaskExecuter.executeAction(ExecuteActionsTaskExecuter.java:113)
	at org.gradle.api.internal.tasks.execution.ExecuteActionsTaskExecuter.executeActions(ExecuteActionsTaskExecuter.java:95)
	... 30 more


* Get more help at https://help.gradle.org

BUILD FAILED in 18s
25 actionable tasks: 25 executed

2019-01-29 17:20:08,511 INFO  ProjectTaskService - Detecting possible tasks...
2019-01-29 17:20:08,511 INFO  SysUtils - Execute command: [/var/folders/bq/vtzpc5ns5sg2cthy61lqpg3dfzgbys/T/1548771581700-0/src/Hasher-master/gradlew, -b, /var/folders/bq/vtzpc5ns5sg2cthy61lqpg3dfzgbys/T/1548771581700-0/src/Hasher-master/hasher/build.gradle, -Dorg.gradle.daemon=false, -Dorg.gradle.daemon.performance.enable-monitoring=false, -Dorg.gradle.configureondemand=true, tasks]
2019-01-29 17:20:15,629 INFO  ProjectTaskService - Detected possible tasks: 65
2019-01-29 17:20:15,629 INFO  ProjectTaskService - Excluded tasks (15): lintDebug deviceCheck lint testReleaseUnitTest deviceAndroidTest uninstallDebugAndroidTest installDebugAndroidTest connectedCheck connectedDebugAndroidTest uninstallAll test check testDebugUnitTest connectedAndroidTest lintRelease
2019-01-29 17:20:15,629 INFO  SysUtils - Execute command: [/var/folders/bq/vtzpc5ns5sg2cthy61lqpg3dfzgbys/T/1548771581700-0/src/Hasher-master/gradlew, -b, /var/folders/bq/vtzpc5ns5sg2cthy61lqpg3dfzgbys/T/1548771581700-0/src/Hasher-master/hasher/build.gradle, -Dorg.gradle.daemon=false, -Dorg.gradle.daemon.performance.enable-monitoring=false, -Dorg.gradle.configureondemand=true, --stacktrace, -x, lintDebug, -x, deviceCheck, -x, lint, -x, testReleaseUnitTest, -x, deviceAndroidTest, -x, uninstallDebugAndroidTest, -x, installDebugAndroidTest, -x, connectedCheck, -x, connectedDebugAndroidTest, -x, uninstallAll, -x, test, -x, check, -x, testDebugUnitTest, -x, connectedAndroidTest, -x, lintRelease, build]
2019-01-29 17:20:30,588 INFO  SysUtils - Configuration on demand is an incubating feature.
:hasher:preBuild UP-TO-DATE
:hasher:preDebugBuild UP-TO-DATE
:hasher:compileDebugAidl NO-SOURCE
:hasher:compileDebugRenderscript UP-TO-DATE
:hasher:checkDebugManifest UP-TO-DATE
:hasher:generateDebugBuildConfig UP-TO-DATE
:hasher:generateDebugResValues UP-TO-DATE
:hasher:generateDebugResources UP-TO-DATE
:hasher:packageDebugResources UP-TO-DATE
:hasher:processDebugManifest UP-TO-DATE
:hasher:generateDebugRFile UP-TO-DATE
:hasher:compileDebugKotlin UP-TO-DATE
:hasher:prepareLintJar UP-TO-DATE
:hasher:generateDebugSources UP-TO-DATE
:hasher:javaPreCompileDebug UP-TO-DATE
:hasher:compileDebugJavaWithJavac UP-TO-DATE
:hasher:extractDebugAnnotations
:hasher:mergeDebugConsumerProguardFiles
:hasher:mergeDebugShaders
:hasher:compileDebugShaders
:hasher:generateDebugAssets
:hasher:packageDebugAssets
:hasher:packageDebugRenderscript NO-SOURCE
:hasher:processDebugJavaRes NO-SOURCE
:hasher:transformResourcesWithMergeJavaResForDebug
:hasher:transformClassesAndResourcesWithSyncLibJarsForDebug
:hasher:compileDebugNdk NO-SOURCE
:hasher:mergeDebugJniLibFolders
:hasher:transformNativeLibsWithMergeJniLibsForDebug
:hasher:transformNativeLibsWithStripDebugSymbolForDebug
:hasher:transformNativeLibsWithSyncJniLibsForDebug
:hasher:bundleDebugAar
:hasher:compileDebugSources UP-TO-DATE
:hasher:assembleDebug
:hasher:preReleaseBuild UP-TO-DATE
:hasher:compileReleaseAidl NO-SOURCE
:hasher:compileReleaseRenderscript
:hasher:checkReleaseManifest
:hasher:generateReleaseBuildConfig
:hasher:generateReleaseResValues
:hasher:generateReleaseResources
:hasher:packageReleaseResources
:hasher:processReleaseManifest
:hasher:generateReleaseRFile
:hasher:compileReleaseKotlin
:hasher:generateReleaseSources
:hasher:javaPreCompileRelease
:hasher:compileReleaseJavaWithJavac
:hasher:extractReleaseAnnotations
:hasher:mergeReleaseConsumerProguardFiles
:hasher:mergeReleaseShaders
:hasher:compileReleaseShaders
:hasher:generateReleaseAssets
:hasher:packageReleaseAssets
:hasher:packageReleaseRenderscript NO-SOURCE
:hasher:processReleaseJavaRes NO-SOURCE
:hasher:transformResourcesWithMergeJavaResForRelease
:hasher:transformClassesAndResourcesWithSyncLibJarsForRelease
:hasher:compileReleaseNdk NO-SOURCE
:hasher:mergeReleaseJniLibFolders
:hasher:transformNativeLibsWithMergeJniLibsForRelease
:hasher:transformNativeLibsWithStripDebugSymbolForRelease
:hasher:transformNativeLibsWithSyncJniLibsForRelease
:hasher:bundleReleaseAar
:hasher:compileReleaseSources
:hasher:mergeReleaseResources
:hasher:verifyReleaseResources
:hasher:assembleRelease
:hasher:assemble
:hasher:build

BUILD SUCCESSFUL in 14s
47 actionable tasks: 36 executed, 11 up-to-date

2019-01-29 17:20:30,663 INFO  ProjectTaskService - Detecting possible tasks...
2019-01-29 17:20:30,663 INFO  SysUtils - Execute command: [/var/folders/bq/vtzpc5ns5sg2cthy61lqpg3dfzgbys/T/1548771581700-0/src/Hasher-master/gradlew, -b, /var/folders/bq/vtzpc5ns5sg2cthy61lqpg3dfzgbys/T/1548771581700-0/src/Hasher-master/build.gradle, -Dorg.gradle.daemon=false, -Dorg.gradle.daemon.performance.enable-monitoring=false, -Dorg.gradle.configureondemand=true, tasks]
2019-01-29 17:20:38,031 INFO  ProjectTaskService - Detected possible tasks: 71
2019-01-29 17:20:38,031 INFO  ProjectTaskService - Excluded tasks (18): lintDebug deviceCheck lint testReleaseUnitTest uninstallRelease deviceAndroidTest uninstallDebugAndroidTest installDebugAndroidTest connectedCheck connectedDebugAndroidTest uninstallAll test check testDebugUnitTest connectedAndroidTest installDebug lintRelease uninstallDebug
2019-01-29 17:20:38,031 INFO  SysUtils - Execute command: [/var/folders/bq/vtzpc5ns5sg2cthy61lqpg3dfzgbys/T/1548771581700-0/src/Hasher-master/gradlew, -b, /var/folders/bq/vtzpc5ns5sg2cthy61lqpg3dfzgbys/T/1548771581700-0/src/Hasher-master/build.gradle, -Dorg.gradle.daemon=false, -Dorg.gradle.daemon.performance.enable-monitoring=false, -Dorg.gradle.configureondemand=true, --stacktrace, -x, lintDebug, -x, deviceCheck, -x, lint, -x, testReleaseUnitTest, -x, uninstallRelease, -x, deviceAndroidTest, -x, uninstallDebugAndroidTest, -x, installDebugAndroidTest, -x, connectedCheck, -x, connectedDebugAndroidTest, -x, uninstallAll, -x, test, -x, check, -x, testDebugUnitTest, -x, connectedAndroidTest, -x, installDebug, -x, lintRelease, -x, uninstallDebug, build]
2019-01-29 17:20:51,825 ERROR SysUtils - Could not process external command
org.apache.commons.exec.ExecuteException: Process exited with an error: 1 (Exit value: 1)
	at org.apache.commons.exec.DefaultExecutor.executeInternal(DefaultExecutor.java:404)
	at org.apache.commons.exec.DefaultExecutor.execute(DefaultExecutor.java:166)
	at com.github.vbauer.apkmaster.util.SysUtils.execute(SysUtils.java:67)
	at com.github.vbauer.apkmaster.util.SysUtils.executeSimple(SysUtils.java:43)
	at com.github.vbauer.apkmaster.service.assembly.ProjectBuildService.buildProject(ProjectBuildService.java:78)
	at com.github.vbauer.apkmaster.service.assembly.ProjectBuildService.buildProject(ProjectBuildService.java:64)
	at com.github.vbauer.apkmaster.service.assembly.ProjectBuildService.buildProject(ProjectBuildService.java:43)
	at com.github.vbauer.apkmaster.service.FullProcessService.build(FullProcessService.java:84)
	at com.github.vbauer.apkmaster.service.FullProcessService.process(FullProcessService.java:34)
	at com.github.vbauer.apkmaster.app.MainApplication.process(MainApplication.java:38)
	at com.github.vbauer.apkmaster.app.MainApplication.main(MainApplication.java:20)
	at sun.reflect.GeneratedMethodAccessor8.invoke(Unknown Source)
	at sun.reflect.DelegatingMethodAccessorImpl.invoke(DelegatingMethodAccessorImpl.java:43)
	at java.lang.reflect.Method.invoke(Method.java:498)
	at com.android.arsenal.util.ReflectionUtils.invoke(ReflectionUtils.java:52)
	at com.android.arsenal.util.ApkMasterUtils.main(ApkMasterUtils.java:30)
	at com.android.arsenal.service.processor.impl.BuildProcessorServiceImpl.buildProject(BuildProcessorServiceImpl.java:196)
	at com.android.arsenal.service.processor.impl.BuildProcessorServiceImpl.build(BuildProcessorServiceImpl.java:130)
	at com.android.arsenal.service.processor.impl.BuildProcessorServiceImpl.lambda$createTasks$1(BuildProcessorServiceImpl.java:113)
	at java.util.concurrent.FutureTask.run(FutureTask.java:266)
	at java.util.concurrent.Executors$RunnableAdapter.call(Executors.java:511)
	at java.util.concurrent.FutureTask.run(FutureTask.java:266)
	at java.util.concurrent.ThreadPoolExecutor.runWorker(ThreadPoolExecutor.java:1149)
	at java.util.concurrent.ThreadPoolExecutor$Worker.run(ThreadPoolExecutor.java:624)
	at java.lang.Thread.run(Thread.java:748)
2019-01-29 17:20:51,826 INFO  SysUtils - Configuration on demand is an incubating feature.
:app:checkDebugClasspath UP-TO-DATE
:app:preBuild UP-TO-DATE
:hasher:preBuild UP-TO-DATE
:hasher:preDebugBuild UP-TO-DATE
:hasher:checkDebugManifest UP-TO-DATE
:hasher:processDebugManifest UP-TO-DATE
:app:preDebugBuild UP-TO-DATE
:hasher:compileDebugAidl NO-SOURCE
:app:compileDebugAidl NO-SOURCE
:hasher:packageDebugRenderscript NO-SOURCE
:app:compileDebugRenderscript UP-TO-DATE
:app:checkDebugManifest UP-TO-DATE
:app:generateDebugBuildConfig UP-TO-DATE
:app:mainApkListPersistenceDebug UP-TO-DATE
:app:generateDebugResValues UP-TO-DATE
:app:generateDebugResources UP-TO-DATE
:hasher:compileDebugRenderscript UP-TO-DATE
:hasher:generateDebugResValues UP-TO-DATE
:hasher:generateDebugResources UP-TO-DATE
:hasher:packageDebugResources UP-TO-DATE
:app:mergeDebugResources UP-TO-DATE
:app:createDebugCompatibleScreenManifests UP-TO-DATE
:app:processDebugManifest UP-TO-DATE
:app:splitsDiscoveryTaskDebug UP-TO-DATE
:hasher:generateDebugRFile UP-TO-DATE
:app:processDebugResources UP-TO-DATE
:hasher:generateDebugBuildConfig UP-TO-DATE
:hasher:compileDebugKotlin UP-TO-DATE
:hasher:prepareLintJar UP-TO-DATE
:hasher:generateDebugSources UP-TO-DATE
:hasher:javaPreCompileDebug UP-TO-DATE
:hasher:compileDebugJavaWithJavac UP-TO-DATE
:hasher:processDebugJavaRes NO-SOURCE
:hasher:transformClassesAndResourcesWithPrepareIntermediateJarsForDebug UP-TO-DATE
:app:compileDebugKotline: /private/var/folders/bq/vtzpc5ns5sg2cthy61lqpg3dfzgbys/T/1548771581700-0/src/Hasher-master/app/src/main/java/com/himanshurawat/hashertest/MainActivity.kt: (15, 25): Unresolved reference: hash
e: /private/var/folders/bq/vtzpc5ns5sg2cthy61lqpg3dfzgbys/T/1548771581700-0/src/Hasher-master/app/src/main/java/com/himanshurawat/hashertest/MainActivity.kt: (15, 45): Unresolved reference: SHA_1
e: /private/var/folders/bq/vtzpc5ns5sg2cthy61lqpg3dfzgbys/T/1548771581700-0/src/Hasher-master/app/src/main/java/com/himanshurawat/hashertest/MainActivity.kt: (16, 25): Unresolved reference: hash
e: /private/var/folders/bq/vtzpc5ns5sg2cthy61lqpg3dfzgbys/T/1548771581700-0/src/Hasher-master/app/src/main/java/com/himanshurawat/hashertest/MainActivity.kt: (16, 45): Unresolved reference: SHA_256
e: /private/var/folders/bq/vtzpc5ns5sg2cthy61lqpg3dfzgbys/T/1548771581700-0/src/Hasher-master/app/src/main/java/com/himanshurawat/hashertest/MainActivity.kt: (17, 25): Unresolved reference: hash
e: /private/var/folders/bq/vtzpc5ns5sg2cthy61lqpg3dfzgbys/T/1548771581700-0/src/Hasher-master/app/src/main/java/com/himanshurawat/hashertest/MainActivity.kt: (17, 45): Unresolved reference: SHA_512
e: /private/var/folders/bq/vtzpc5ns5sg2cthy61lqpg3dfzgbys/T/1548771581700-0/src/Hasher-master/app/src/main/java/com/himanshurawat/hashertest/MainActivity.kt: (18, 25): Unresolved reference: hash
e: /private/var/folders/bq/vtzpc5ns5sg2cthy61lqpg3dfzgbys/T/1548771581700-0/src/Hasher-master/app/src/main/java/com/himanshurawat/hashertest/MainActivity.kt: (18, 45): Unresolved reference: SHA_384
e: /private/var/folders/bq/vtzpc5ns5sg2cthy61lqpg3dfzgbys/T/1548771581700-0/src/Hasher-master/app/src/main/java/com/himanshurawat/hashertest/MainActivity.kt: (19, 25): Unresolved reference: hash
 FAILED

FAILURE: Build failed with an exception.

* What went wrong:
Execution failed for task ':app:compileDebugKotlin'.
> Compilation error. See log for more details

* Try:
Run with --info or --debug option to get more log output. Run with --scan to get full insights.

* Exception is:
org.gradle.api.tasks.TaskExecutionException: Execution failed for task ':app:compileDebugKotlin'.
	at org.gradle.api.internal.tasks.execution.ExecuteActionsTaskExecuter.executeActions(ExecuteActionsTaskExecuter.java:103)
	at org.gradle.api.internal.tasks.execution.ExecuteActionsTaskExecuter.execute(ExecuteActionsTaskExecuter.java:73)
	at org.gradle.api.internal.tasks.execution.OutputDirectoryCreatingTaskExecuter.execute(OutputDirectoryCreatingTaskExecuter.java:51)
	at org.gradle.api.internal.tasks.execution.SkipUpToDateTaskExecuter.execute(SkipUpToDateTaskExecuter.java:59)
	at org.gradle.api.internal.tasks.execution.ResolveTaskOutputCachingStateExecuter.execute(ResolveTaskOutputCachingStateExecuter.java:54)
	at org.gradle.api.internal.tasks.execution.ValidatingTaskExecuter.execute(ValidatingTaskExecuter.java:59)
	at org.gradle.api.internal.tasks.execution.SkipEmptySourceFilesTaskExecuter.execute(SkipEmptySourceFilesTaskExecuter.java:101)
	at org.gradle.api.internal.tasks.execution.FinalizeInputFilePropertiesTaskExecuter.execute(FinalizeInputFilePropertiesTaskExecuter.java:44)
	at org.gradle.api.internal.tasks.execution.CleanupStaleOutputsExecuter.execute(CleanupStaleOutputsExecuter.java:91)
	at org.gradle.api.internal.tasks.execution.ResolveTaskArtifactStateTaskExecuter.execute(ResolveTaskArtifactStateTaskExecuter.java:62)
	at org.gradle.api.internal.tasks.execution.SkipTaskWithNoActionsExecuter.execute(SkipTaskWithNoActionsExecuter.java:59)
	at org.gradle.api.internal.tasks.execution.SkipOnlyIfTaskExecuter.execute(SkipOnlyIfTaskExecuter.java:54)
	at org.gradle.api.internal.tasks.execution.ExecuteAtMostOnceTaskExecuter.execute(ExecuteAtMostOnceTaskExecuter.java:43)
	at org.gradle.api.internal.tasks.execution.CatchExceptionTaskExecuter.execute(CatchExceptionTaskExecuter.java:34)
	at org.gradle.execution.taskgraph.DefaultTaskGraphExecuter$EventFiringTaskWorker$1.run(DefaultTaskGraphExecuter.java:256)
	at org.gradle.internal.progress.DefaultBuildOperationExecutor$RunnableBuildOperationWorker.execute(DefaultBuildOperationExecutor.java:336)
	at org.gradle.internal.progress.DefaultBuildOperationExecutor$RunnableBuildOperationWorker.execute(DefaultBuildOperationExecutor.java:328)
	at org.gradle.internal.progress.DefaultBuildOperationExecutor.execute(DefaultBuildOperationExecutor.java:199)
	at org.gradle.internal.progress.DefaultBuildOperationExecutor.run(DefaultBuildOperationExecutor.java:110)
	at org.gradle.execution.taskgraph.DefaultTaskGraphExecuter$EventFiringTaskWorker.execute(DefaultTaskGraphExecuter.java:249)
	at org.gradle.execution.taskgraph.DefaultTaskGraphExecuter$EventFiringTaskWorker.execute(DefaultTaskGraphExecuter.java:238)
	at org.gradle.execution.taskgraph.DefaultTaskPlanExecutor$TaskExecutorWorker.processTask(DefaultTaskPlanExecutor.java:123)
	at org.gradle.execution.taskgraph.DefaultTaskPlanExecutor$TaskExecutorWorker.access$200(DefaultTaskPlanExecutor.java:79)
	at org.gradle.execution.taskgraph.DefaultTaskPlanExecutor$TaskExecutorWorker$1.execute(DefaultTaskPlanExecutor.java:104)
	at org.gradle.execution.taskgraph.DefaultTaskPlanExecutor$TaskExecutorWorker$1.execute(DefaultTaskPlanExecutor.java:98)
	at org.gradle.execution.taskgraph.DefaultTaskExecutionPlan.execute(DefaultTaskExecutionPlan.java:663)
	at org.gradle.execution.taskgraph.DefaultTaskExecutionPlan.executeWithTask(DefaultTaskExecutionPlan.java:597)
	at org.gradle.execution.taskgraph.DefaultTaskPlanExecutor$TaskExecutorWorker.run(DefaultTaskPlanExecutor.java:98)
	at org.gradle.internal.concurrent.ExecutorPolicy$CatchAndRecordFailures.onExecute(ExecutorPolicy.java:63)
	at org.gradle.internal.concurrent.ManagedExecutorImpl$1.run(ManagedExecutorImpl.java:46)
	at org.gradle.internal.concurrent.ThreadFactoryImpl$ManagedThreadRunnable.run(ThreadFactoryImpl.java:55)
Caused by: org.gradle.api.GradleException: Compilation error. See log for more details
	at org.jetbrains.kotlin.gradle.tasks.TasksUtilsKt.throwGradleExceptionIfError(tasksUtils.kt:16)
	at org.jetbrains.kotlin.gradle.tasks.KotlinCompile.processCompilerExitCode(Tasks.kt:453)
	at org.jetbrains.kotlin.gradle.tasks.KotlinCompile.callCompiler$kotlin_gradle_plugin(Tasks.kt:415)
	at org.jetbrains.kotlin.gradle.tasks.KotlinCompile.callCompiler$kotlin_gradle_plugin(Tasks.kt:309)
	at org.jetbrains.kotlin.gradle.tasks.AbstractKotlinCompile.execute(Tasks.kt:270)
	at org.gradle.internal.reflect.JavaMethod.invoke(JavaMethod.java:73)
	at org.gradle.api.internal.project.taskfactory.IncrementalTaskAction.doExecute(IncrementalTaskAction.java:50)
	at org.gradle.api.internal.project.taskfactory.StandardTaskAction.execute(StandardTaskAction.java:39)
	at org.gradle.api.internal.project.taskfactory.StandardTaskAction.execute(StandardTaskAction.java:26)
	at org.gradle.api.internal.tasks.execution.ExecuteActionsTaskExecuter$1.run(ExecuteActionsTaskExecuter.java:124)
	at org.gradle.internal.progress.DefaultBuildOperationExecutor$RunnableBuildOperationWorker.execute(DefaultBuildOperationExecutor.java:336)
	at org.gradle.internal.progress.DefaultBuildOperationExecutor$RunnableBuildOperationWorker.execute(DefaultBuildOperationExecutor.java:328)
	at org.gradle.internal.progress.DefaultBuildOperationExecutor.execute(DefaultBuildOperationExecutor.java:199)
	at org.gradle.internal.progress.DefaultBuildOperationExecutor.run(DefaultBuildOperationExecutor.java:110)
	at org.gradle.api.internal.tasks.execution.ExecuteActionsTaskExecuter.executeAction(ExecuteActionsTaskExecuter.java:113)
	at org.gradle.api.internal.tasks.execution.ExecuteActionsTaskExecuter.executeActions(ExecuteActionsTaskExecuter.java:95)
	... 30 more


* Get more help at https://help.gradle.org

BUILD FAILED in 13s
25 actionable tasks: 1 executed, 24 up-to-date

2019-01-29 17:20:51,899 ERROR FullProcessService - Project build has not produced APK file
2019-01-29 17:20:51,961 ERROR FullProcessService - Could not find generated or existed APK file
