2018-12-12 19:52:12,383 INFO  DownloadService - Downloading "https://github.com/yashovardhan99/timeit/archive/master.zip", attempt 3
2018-12-12 19:52:15,398 INFO  DownloadService - Downloaded https://github.com/yashovardhan99/timeit/archive/master.zip, attempt 3
2018-12-12 19:52:15,399 INFO  DownloadService - Size of file "/var/folders/bq/vtzpc5ns5sg2cthy61lqpg3dfzgbys/T/1544619132297-0/master.zip": 163 KB
2018-12-12 19:52:15,400 INFO  ArchiveUtils - Checking entries [.gradle] in ZIP file...
2018-12-12 19:52:15,416 INFO  ArchiveUtils - Has entries [.gradle] in ZIP file /var/folders/bq/vtzpc5ns5sg2cthy61lqpg3dfzgbys/T/1544619132297-0/master.zip: true
2018-12-12 19:52:15,416 DEBUG ZipUtil - Extracting '/var/folders/bq/vtzpc5ns5sg2cthy61lqpg3dfzgbys/T/1544619132297-0/master.zip' into '/var/folders/bq/vtzpc5ns5sg2cthy61lqpg3dfzgbys/T/1544619132297-0/src'.
2018-12-12 19:52:15,464 INFO  FullProcessService - Size of directory with sources: 204 KB
2018-12-12 19:52:15,467 INFO  SysUtils - Execute command: [git, init, /var/folders/bq/vtzpc5ns5sg2cthy61lqpg3dfzgbys/T/1544619132297-0/src]
2018-12-12 19:52:15,504 INFO  SysUtils - Initialized empty Git repository in /private/var/folders/bq/vtzpc5ns5sg2cthy61lqpg3dfzgbys/T/1544619132297-0/src/.git/

2018-12-12 19:52:15,522 INFO  ProjectBuildService - Gradle wrapper(s): /var/folders/bq/vtzpc5ns5sg2cthy61lqpg3dfzgbys/T/1544619132297-0/src/TimeIt-master/gradlew
2018-12-12 19:52:15,535 INFO  ProjectBuildService - Build script(s): /var/folders/bq/vtzpc5ns5sg2cthy61lqpg3dfzgbys/T/1544619132297-0/src/TimeIt-master/timeit-demo/build.gradle /var/folders/bq/vtzpc5ns5sg2cthy61lqpg3dfzgbys/T/1544619132297-0/src/TimeIt-master/timeit/build.gradle /var/folders/bq/vtzpc5ns5sg2cthy61lqpg3dfzgbys/T/1544619132297-0/src/TimeIt-master/build.gradle
2018-12-12 19:52:15,542 INFO  ProjectBuildService - All script(s): /var/folders/bq/vtzpc5ns5sg2cthy61lqpg3dfzgbys/T/1544619132297-0/src/TimeIt-master/timeit/build.gradle /var/folders/bq/vtzpc5ns5sg2cthy61lqpg3dfzgbys/T/1544619132297-0/src/TimeIt-master/timeit-demo/build.gradle /var/folders/bq/vtzpc5ns5sg2cthy61lqpg3dfzgbys/T/1544619132297-0/src/TimeIt-master/build.gradle /var/folders/bq/vtzpc5ns5sg2cthy61lqpg3dfzgbys/T/1544619132297-0/src/TimeIt-master/settings.gradle
2018-12-12 19:52:15,551 INFO  DownloadService - Downloading "https://raw.githubusercontent.com/nuuneoi/JCenter/master/bintrayv1.gradle", attempt 3
2018-12-12 19:52:16,188 INFO  DownloadService - Downloaded https://raw.githubusercontent.com/nuuneoi/JCenter/master/bintrayv1.gradle, attempt 3
2018-12-12 19:52:16,188 INFO  DownloadService - Downloading "https://raw.githubusercontent.com/nuuneoi/JCenter/master/installv1.gradle", attempt 3
2018-12-12 19:52:16,302 INFO  DownloadService - Downloaded https://raw.githubusercontent.com/nuuneoi/JCenter/master/installv1.gradle, attempt 3
2018-12-12 19:52:16,302 INFO  ProjectBuildService - Remote scripts: https://raw.githubusercontent.com/nuuneoi/JCenter/master/bintrayv1.gradle https://raw.githubusercontent.com/nuuneoi/JCenter/master/installv1.gradle
2018-12-12 19:52:16,303 INFO  ProjectFixService - Fixing project...
2018-12-12 19:52:16,369 INFO  AndroidToolsService - ANDROID_HOME: /Users/vbauer/Library/Android/sdk
2018-12-12 19:52:16,370 INFO  AndroidToolsService - NDK_HOME: /Users/vbauer/Library/Android/sdk/ndk-bundle
2018-12-12 19:52:16,374 INFO  AndroidToolsService - Available build tools: 21.0.1 22.0.0 23.0.0 22.0.1 21.0.0 20.0.0 23.0.1 27.0.1 24.0.0 19.0.0 25.0.0 26.0.1 18.0.1 24.0.1 27.0.0 26.0.0 25.0.1 19.0.1 28.0.0-rc1 28.0.2 21.1.2 28.0.3 23.0.3 21.0.2 23.0.2 19.0.3 25.0.3 26.0.2 27.0.2 24.0.3 26.0.3 25.0.2 19.0.2 24.0.2 27.0.3 28.0.1 17.0.0 21.1.1 28.0.0-rc2 21.1.0 28.0.0 18.1.0 19.1.0 18.1.1
2018-12-12 19:52:16,377 INFO  AndroidToolsService - Available build tools after clean up: 17.0.0 18.0.1 18.1.0 18.1.1 19.0.0 19.0.1 19.0.2 19.0.3 19.1.0 20.0.0 21.0.0 21.0.1 21.0.2 21.1.0 21.1.1 21.1.2 22.0.0 22.0.1 23.0.0 23.0.1 23.0.2 23.0.3 24.0.0 24.0.1 24.0.2 24.0.3 25.0.0 25.0.1 25.0.2 25.0.3 26.0.0 26.0.1 26.0.2 26.0.3 27.0.0 27.0.1 27.0.2 27.0.3 28.0.0 28.0.1 28.0.2 28.0.3 28.0.0-rc1 28.0.0-rc2
2018-12-12 19:52:16,381 INFO  AndroidToolsService - Available platforms: 12 15 23 24 25 22 14 13 5 2 3 4 16 11 27 18 20 21 26 19 10 17 28 6 8 9 7
2018-12-12 19:52:16,382 INFO  AndroidToolsService - Available platforms after clean up: 2 3 4 5 6 7 8 9 10 11 12 13 14 15 16 17 18 19 20 21 22 23 24 25 26 27 28
2018-12-12 19:52:16,383 INFO  LocalPropertiesFixService - Created fake /var/folders/bq/vtzpc5ns5sg2cthy61lqpg3dfzgbys/T/1544619132297-0/src/TimeIt-master/timeit-demo/local.properties
2018-12-12 19:52:16,390 INFO  ProjectFixService - Build info for "/var/folders/bq/vtzpc5ns5sg2cthy61lqpg3dfzgbys/T/1544619132297-0/src/TimeIt-master/timeit-demo/build.gradle": [buildToolsVersion=<null>,compileSdkVersion=28,minSdkVersion=19,targetSdkVersion=28]
2018-12-12 19:52:16,393 INFO  ProjectFixService - Fixed build info for "/var/folders/bq/vtzpc5ns5sg2cthy61lqpg3dfzgbys/T/1544619132297-0/src/TimeIt-master/timeit-demo/build.gradle": [buildToolsVersion=28.0.0-rc2,compileSdkVersion=28,minSdkVersion=19,targetSdkVersion=28]
2018-12-12 19:52:16,395 INFO  LocalPropertiesFixService - Created fake /var/folders/bq/vtzpc5ns5sg2cthy61lqpg3dfzgbys/T/1544619132297-0/src/TimeIt-master/timeit/local.properties
2018-12-12 19:52:16,397 INFO  ProjectFixService - Build info for "/var/folders/bq/vtzpc5ns5sg2cthy61lqpg3dfzgbys/T/1544619132297-0/src/TimeIt-master/timeit/build.gradle": [buildToolsVersion=<null>,compileSdkVersion=28,minSdkVersion=19,targetSdkVersion=28]
2018-12-12 19:52:16,397 INFO  ProjectFixService - Fixed build info for "/var/folders/bq/vtzpc5ns5sg2cthy61lqpg3dfzgbys/T/1544619132297-0/src/TimeIt-master/timeit/build.gradle": [buildToolsVersion=28.0.0-rc2,compileSdkVersion=28,minSdkVersion=19,targetSdkVersion=28]
2018-12-12 19:52:16,398 INFO  LocalPropertiesFixService - Created fake /var/folders/bq/vtzpc5ns5sg2cthy61lqpg3dfzgbys/T/1544619132297-0/src/TimeIt-master/local.properties
2018-12-12 19:52:16,403 INFO  WrapperPropertiesFixService - Gradle wrapper: https://services.gradle.org/distributions/gradle-4.6-all.zip
2018-12-12 19:52:16,404 INFO  WrapperPropertiesFixService - Gradle wrapper was changed from "-all.zip" to "-bin.zip" (https://services.gradle.org/distributions/gradle-4.6-bin.zip)
2018-12-12 19:52:16,406 INFO  ProjectFixService - Build info for "/var/folders/bq/vtzpc5ns5sg2cthy61lqpg3dfzgbys/T/1544619132297-0/src/TimeIt-master/build.gradle": [buildToolsVersion=<null>,compileSdkVersion=28,minSdkVersion=19,targetSdkVersion=28]
2018-12-12 19:52:16,406 INFO  ProjectFixService - Fixed build info for "/var/folders/bq/vtzpc5ns5sg2cthy61lqpg3dfzgbys/T/1544619132297-0/src/TimeIt-master/build.gradle": [buildToolsVersion=28.0.0-rc2,compileSdkVersion=28,minSdkVersion=19,targetSdkVersion=28]
2018-12-12 19:52:16,407 INFO  ProjectFixService - Project was maybe fixed
2018-12-12 19:52:16,408 INFO  ProjectTaskService - Detecting possible tasks...
2018-12-12 19:52:16,409 INFO  SysUtils - Execute command: [/var/folders/bq/vtzpc5ns5sg2cthy61lqpg3dfzgbys/T/1544619132297-0/src/TimeIt-master/gradlew, -b, /var/folders/bq/vtzpc5ns5sg2cthy61lqpg3dfzgbys/T/1544619132297-0/src/TimeIt-master/timeit-demo/build.gradle, -Dorg.gradle.daemon=false, -Dorg.gradle.daemon.performance.enable-monitoring=false, -Dorg.gradle.configureondemand=true, tasks]
2018-12-12 19:52:27,875 INFO  ProjectTaskService - Detected possible tasks: 72
2018-12-12 19:52:27,875 INFO  ProjectTaskService - Excluded tasks (21): lintDebug javadocJar deviceCheck lint testReleaseUnitTest javadoc uninstallRelease deviceAndroidTest uninstallDebugAndroidTest installDebugAndroidTest connectedCheck connectedDebugAndroidTest uninstallAll sourcesJar test check testDebugUnitTest connectedAndroidTest installDebug lintRelease uninstallDebug
2018-12-12 19:52:27,876 INFO  SysUtils - Execute command: [/var/folders/bq/vtzpc5ns5sg2cthy61lqpg3dfzgbys/T/1544619132297-0/src/TimeIt-master/gradlew, -b, /var/folders/bq/vtzpc5ns5sg2cthy61lqpg3dfzgbys/T/1544619132297-0/src/TimeIt-master/timeit-demo/build.gradle, -Dorg.gradle.daemon=false, -Dorg.gradle.daemon.performance.enable-monitoring=false, -Dorg.gradle.configureondemand=true, --stacktrace, -x, lintDebug, -x, javadocJar, -x, deviceCheck, -x, lint, -x, testReleaseUnitTest, -x, javadoc, -x, uninstallRelease, -x, deviceAndroidTest, -x, uninstallDebugAndroidTest, -x, installDebugAndroidTest, -x, connectedCheck, -x, connectedDebugAndroidTest, -x, uninstallAll, -x, sourcesJar, -x, test, -x, check, -x, testDebugUnitTest, -x, connectedAndroidTest, -x, installDebug, -x, lintRelease, -x, uninstallDebug, build]
2018-12-12 19:52:34,928 ERROR SysUtils - Could not process external command
org.apache.commons.exec.ExecuteException: Process exited with an error: 1 (Exit value: 1)
	at org.apache.commons.exec.DefaultExecutor.executeInternal(DefaultExecutor.java:404)
	at org.apache.commons.exec.DefaultExecutor.execute(DefaultExecutor.java:166)
	at com.github.vbauer.apkmaster.util.SysUtils.execute(SysUtils.java:67)
	at com.github.vbauer.apkmaster.util.SysUtils.executeSimple(SysUtils.java:43)
	at com.github.vbauer.apkmaster.service.assembly.ProjectBuildService.buildProject(ProjectBuildService.java:78)
	at com.github.vbauer.apkmaster.service.assembly.ProjectBuildService.buildProject(ProjectBuildService.java:64)
	at com.github.vbauer.apkmaster.service.assembly.ProjectBuildService.buildProject(ProjectBuildService.java:43)
	at com.github.vbauer.apkmaster.service.FullProcessService.build(FullProcessService.java:84)
	at com.github.vbauer.apkmaster.service.FullProcessService.process(FullProcessService.java:34)
	at com.github.vbauer.apkmaster.app.MainApplication.process(MainApplication.java:38)
	at com.github.vbauer.apkmaster.app.MainApplication.main(MainApplication.java:20)
	at sun.reflect.NativeMethodAccessorImpl.invoke0(Native Method)
	at sun.reflect.NativeMethodAccessorImpl.invoke(NativeMethodAccessorImpl.java:62)
	at sun.reflect.DelegatingMethodAccessorImpl.invoke(DelegatingMethodAccessorImpl.java:43)
	at java.lang.reflect.Method.invoke(Method.java:498)
	at com.android.arsenal.util.ReflectionUtils.invoke(ReflectionUtils.java:52)
	at com.android.arsenal.util.ApkMasterUtils.main(ApkMasterUtils.java:30)
	at com.android.arsenal.service.processor.impl.BuildProcessorServiceImpl.buildProject(BuildProcessorServiceImpl.java:196)
	at com.android.arsenal.service.processor.impl.BuildProcessorServiceImpl.build(BuildProcessorServiceImpl.java:130)
	at com.android.arsenal.service.processor.impl.BuildProcessorServiceImpl.lambda$createTasks$1(BuildProcessorServiceImpl.java:113)
	at java.util.concurrent.FutureTask.run(FutureTask.java:266)
	at java.util.concurrent.Executors$RunnableAdapter.call(Executors.java:511)
	at java.util.concurrent.FutureTask.run(FutureTask.java:266)
	at java.util.concurrent.ThreadPoolExecutor.runWorker(ThreadPoolExecutor.java:1149)
	at java.util.concurrent.ThreadPoolExecutor$Worker.run(ThreadPoolExecutor.java:624)
	at java.lang.Thread.run(Thread.java:748)
2018-12-12 19:52:34,929 INFO  SysUtils - Configuration on demand is an incubating feature.

FAILURE: Build failed with an exception.

* What went wrong:
Task 'javadocJar' not found in project ':timeit-demo'.

* Try:
Run gradlew tasks to get a list of available tasks. Run with --info or --debug option to get more log output. Run with --scan to get full insights.

* Exception is:
org.gradle.execution.TaskSelectionException: Task 'javadocJar' not found in project ':timeit-demo'.
	at org.gradle.execution.TaskSelector.getSelection(TaskSelector.java:116)
	at org.gradle.execution.TaskSelector.getFilter(TaskSelector.java:66)
	at org.gradle.execution.ExcludedTaskFilteringBuildConfigurationAction.configure(ExcludedTaskFilteringBuildConfigurationAction.java:42)
	at org.gradle.execution.DefaultBuildConfigurationActionExecuter.configure(DefaultBuildConfigurationActionExecuter.java:48)
	at org.gradle.execution.DefaultBuildConfigurationActionExecuter.select(DefaultBuildConfigurationActionExecuter.java:36)
	at org.gradle.initialization.DefaultGradleLauncher$CalculateTaskGraph.run(DefaultGradleLauncher.java:286)
	at org.gradle.internal.progress.DefaultBuildOperationExecutor$RunnableBuildOperationWorker.execute(DefaultBuildOperationExecutor.java:336)
	at org.gradle.internal.progress.DefaultBuildOperationExecutor$RunnableBuildOperationWorker.execute(DefaultBuildOperationExecutor.java:328)
	at org.gradle.internal.progress.DefaultBuildOperationExecutor.execute(DefaultBuildOperationExecutor.java:199)
	at org.gradle.internal.progress.DefaultBuildOperationExecutor.run(DefaultBuildOperationExecutor.java:110)
	at org.gradle.initialization.DefaultGradleLauncher.constructTaskGraph(DefaultGradleLauncher.java:181)
	at org.gradle.initialization.DefaultGradleLauncher.doBuildStages(DefaultGradleLauncher.java:136)
	at org.gradle.initialization.DefaultGradleLauncher.executeTasks(DefaultGradleLauncher.java:115)
	at org.gradle.internal.invocation.GradleBuildController$1.call(GradleBuildController.java:78)
	at org.gradle.internal.invocation.GradleBuildController$1.call(GradleBuildController.java:75)
	at org.gradle.internal.work.DefaultWorkerLeaseService.withLocks(DefaultWorkerLeaseService.java:152)
	at org.gradle.internal.invocation.GradleBuildController.doBuild(GradleBuildController.java:100)
	at org.gradle.internal.invocation.GradleBuildController.run(GradleBuildController.java:75)
	at org.gradle.tooling.internal.provider.ExecuteBuildActionRunner.run(ExecuteBuildActionRunner.java:28)
	at org.gradle.launcher.exec.ChainingBuildActionRunner.run(ChainingBuildActionRunner.java:35)
	at org.gradle.tooling.internal.provider.ValidatingBuildActionRunner.run(ValidatingBuildActionRunner.java:32)
	at org.gradle.launcher.exec.RunAsBuildOperationBuildActionRunner$1.run(RunAsBuildOperationBuildActionRunner.java:43)
	at org.gradle.internal.progress.DefaultBuildOperationExecutor$RunnableBuildOperationWorker.execute(DefaultBuildOperationExecutor.java:336)
	at org.gradle.internal.progress.DefaultBuildOperationExecutor$RunnableBuildOperationWorker.execute(DefaultBuildOperationExecutor.java:328)
	at org.gradle.internal.progress.DefaultBuildOperationExecutor.execute(DefaultBuildOperationExecutor.java:199)
	at org.gradle.internal.progress.DefaultBuildOperationExecutor.run(DefaultBuildOperationExecutor.java:110)
	at org.gradle.launcher.exec.RunAsBuildOperationBuildActionRunner.run(RunAsBuildOperationBuildActionRunner.java:40)
	at org.gradle.tooling.internal.provider.SubscribableBuildActionRunner.run(SubscribableBuildActionRunner.java:51)
	at org.gradle.launcher.exec.InProcessBuildActionExecuter.execute(InProcessBuildActionExecuter.java:49)
	at org.gradle.launcher.exec.InProcessBuildActionExecuter.execute(InProcessBuildActionExecuter.java:32)
	at org.gradle.launcher.exec.BuildTreeScopeBuildActionExecuter.execute(BuildTreeScopeBuildActionExecuter.java:39)
	at org.gradle.launcher.exec.BuildTreeScopeBuildActionExecuter.execute(BuildTreeScopeBuildActionExecuter.java:25)
	at org.gradle.tooling.internal.provider.ContinuousBuildActionExecuter.execute(ContinuousBuildActionExecuter.java:80)
	at org.gradle.tooling.internal.provider.ContinuousBuildActionExecuter.execute(ContinuousBuildActionExecuter.java:53)
	at org.gradle.tooling.internal.provider.ServicesSetupBuildActionExecuter.execute(ServicesSetupBuildActionExecuter.java:57)
	at org.gradle.tooling.internal.provider.ServicesSetupBuildActionExecuter.execute(ServicesSetupBuildActionExecuter.java:32)
	at org.gradle.tooling.internal.provider.GradleThreadBuildActionExecuter.execute(GradleThreadBuildActionExecuter.java:36)
	at org.gradle.tooling.internal.provider.GradleThreadBuildActionExecuter.execute(GradleThreadBuildActionExecuter.java:25)
	at org.gradle.tooling.internal.provider.ParallelismConfigurationBuildActionExecuter.execute(ParallelismConfigurationBuildActionExecuter.java:43)
	at org.gradle.tooling.internal.provider.ParallelismConfigurationBuildActionExecuter.execute(ParallelismConfigurationBuildActionExecuter.java:29)
	at org.gradle.tooling.internal.provider.StartParamsValidatingActionExecuter.execute(StartParamsValidatingActionExecuter.java:64)
	at org.gradle.tooling.internal.provider.StartParamsValidatingActionExecuter.execute(StartParamsValidatingActionExecuter.java:29)
	at org.gradle.tooling.internal.provider.SessionFailureReportingActionExecuter.execute(SessionFailureReportingActionExecuter.java:59)
	at org.gradle.tooling.internal.provider.SessionFailureReportingActionExecuter.execute(SessionFailureReportingActionExecuter.java:44)
	at org.gradle.tooling.internal.provider.SetupLoggingActionExecuter.execute(SetupLoggingActionExecuter.java:45)
	at org.gradle.tooling.internal.provider.SetupLoggingActionExecuter.execute(SetupLoggingActionExecuter.java:30)
	at org.gradle.launcher.cli.RunBuildAction.run(RunBuildAction.java:51)
	at org.gradle.internal.Actions$RunnableActionAdapter.execute(Actions.java:173)
	at org.gradle.launcher.cli.CommandLineActionFactory$ParseAndBuildAction.execute(CommandLineActionFactory.java:285)
	at org.gradle.launcher.cli.CommandLineActionFactory$ParseAndBuildAction.execute(CommandLineActionFactory.java:258)
	at org.gradle.launcher.cli.ExceptionReportingAction.execute(ExceptionReportingAction.java:33)
	at org.gradle.launcher.cli.ExceptionReportingAction.execute(ExceptionReportingAction.java:22)
	at org.gradle.launcher.cli.CommandLineActionFactory$WithLogging.execute(CommandLineActionFactory.java:251)
	at org.gradle.launcher.cli.CommandLineActionFactory$WithLogging.execute(CommandLineActionFactory.java:185)
	at org.gradle.launcher.Main.doAction(Main.java:36)
	at org.gradle.launcher.bootstrap.EntryPoint.run(EntryPoint.java:45)
	at org.gradle.launcher.bootstrap.ProcessBootstrap.runNoExit(ProcessBootstrap.java:60)
	at org.gradle.launcher.bootstrap.ProcessBootstrap.run(ProcessBootstrap.java:37)
	at org.gradle.launcher.GradleMain.main(GradleMain.java:23)
	at org.gradle.wrapper.BootstrapMainStarter.start(BootstrapMainStarter.java:31)
	at org.gradle.wrapper.WrapperExecutor.execute(WrapperExecutor.java:108)
	at org.gradle.wrapper.GradleWrapperMain.main(GradleWrapperMain.java:61)


* Get more help at https://help.gradle.org

BUILD FAILED in 6s

2018-12-12 19:52:34,929 ERROR ProjectBuildService - Excluded tasks were detected wrong
2018-12-12 19:52:34,930 INFO  SysUtils - Execute command: [/var/folders/bq/vtzpc5ns5sg2cthy61lqpg3dfzgbys/T/1544619132297-0/src/TimeIt-master/gradlew, -b, /var/folders/bq/vtzpc5ns5sg2cthy61lqpg3dfzgbys/T/1544619132297-0/src/TimeIt-master/timeit-demo/build.gradle, -Dorg.gradle.daemon=false, -Dorg.gradle.daemon.performance.enable-monitoring=false, -Dorg.gradle.configureondemand=true, --stacktrace, build]
2018-12-12 19:53:25,105 INFO  SysUtils - Configuration on demand is an incubating feature.
:timeit:preBuild UP-TO-DATE
:timeit:preDebugBuild UP-TO-DATE
:timeit:compileDebugAidl NO-SOURCE
:timeit:compileDebugRenderscript
:timeit:checkDebugManifest
:timeit:generateDebugBuildConfig
:timeit:generateDebugResValues
:timeit:generateDebugResources
:timeit:packageDebugResources
:timeit:processDebugManifest
:timeit:generateDebugRFile
:timeit:prepareLintJar
:timeit:generateDebugSources
:timeit:javaPreCompileDebug
:timeit:compileDebugJavaWithJavac
:timeit:processDebugJavaRes NO-SOURCE
:timeit:transformClassesAndResourcesWithPrepareIntermediateJarsForDebug
:timeit-demo:checkDebugClasspath
:timeit-demo:preBuild UP-TO-DATE
:timeit-demo:preDebugBuild
:timeit-demo:compileDebugAidl NO-SOURCE
:timeit:packageDebugRenderscript NO-SOURCE
:timeit-demo:compileDebugRenderscript
:timeit-demo:checkDebugManifest
:timeit-demo:generateDebugBuildConfig
:timeit-demo:prepareLintJar
:timeit-demo:mainApkListPersistenceDebug
:timeit-demo:generateDebugResValues
:timeit-demo:generateDebugResources
:timeit-demo:mergeDebugResources
:timeit-demo:createDebugCompatibleScreenManifests
:timeit-demo:processDebugManifest
:timeit-demo:splitsDiscoveryTaskDebug
:timeit-demo:processDebugResources
:timeit-demo:generateDebugSources
:timeit-demo:javaPreCompileDebug
:timeit-demo:compileDebugJavaWithJavac
:timeit-demo:compileDebugNdk NO-SOURCE
:timeit-demo:compileDebugSources
:timeit:mergeDebugShaders
:timeit:compileDebugShaders
:timeit:generateDebugAssets
:timeit:packageDebugAssets
:timeit-demo:mergeDebugShaders
:timeit-demo:compileDebugShaders
:timeit-demo:generateDebugAssets
:timeit-demo:mergeDebugAssets
:timeit-demo:transformClassesWithDexBuilderForDebug
:timeit-demo:transformDexArchiveWithExternalLibsDexMergerForDebug
:timeit-demo:transformDexArchiveWithDexMergerForDebug
:timeit:compileDebugNdk NO-SOURCE
:timeit:mergeDebugJniLibFolders
:timeit:transformNativeLibsWithMergeJniLibsForDebug
:timeit:transformNativeLibsWithStripDebugSymbolForDebug
:timeit:transformNativeLibsWithIntermediateJniLibsForDebug
:timeit-demo:mergeDebugJniLibFolders
:timeit-demo:transformNativeLibsWithMergeJniLibsForDebug
:timeit-demo:transformNativeLibsWithStripDebugSymbolForDebug
:timeit-demo:checkDebugLibraries
:timeit-demo:processDebugJavaRes NO-SOURCE
:timeit-demo:transformResourcesWithMergeJavaResForDebug
:timeit-demo:validateSigningDebug
:timeit-demo:packageDebug
:timeit-demo:assembleDebug
:timeit:preReleaseBuild UP-TO-DATE
:timeit:compileReleaseAidl NO-SOURCE
:timeit:compileReleaseRenderscript
:timeit:checkReleaseManifest
:timeit:generateReleaseBuildConfig
:timeit:generateReleaseResValues
:timeit:generateReleaseResources
:timeit:packageReleaseResources
:timeit:processReleaseManifest
:timeit:generateReleaseRFile
:timeit:generateReleaseSources
:timeit:javaPreCompileRelease
:timeit:compileReleaseJavaWithJavac
:timeit:processReleaseJavaRes NO-SOURCE
:timeit:transformClassesAndResourcesWithPrepareIntermediateJarsForRelease
:timeit-demo:checkReleaseClasspath
:timeit-demo:preReleaseBuild
:timeit-demo:compileReleaseAidl NO-SOURCE
:timeit:packageReleaseRenderscript NO-SOURCE
:timeit-demo:compileReleaseRenderscript
:timeit-demo:checkReleaseManifest
:timeit-demo:generateReleaseBuildConfig
:timeit-demo:mainApkListPersistenceRelease
:timeit-demo:generateReleaseResValues
:timeit-demo:generateReleaseResources
:timeit-demo:mergeReleaseResources
:timeit-demo:createReleaseCompatibleScreenManifests
:timeit-demo:processReleaseManifest
:timeit-demo:splitsDiscoveryTaskRelease
:timeit-demo:processReleaseResources
:timeit-demo:generateReleaseSources
:timeit-demo:javaPreCompileRelease
:timeit-demo:compileReleaseJavaWithJavac
:timeit-demo:compileReleaseNdk NO-SOURCE
:timeit-demo:compileReleaseSources
:timeit-demo:lintVitalRelease SKIPPED
:timeit:mergeReleaseShaders
:timeit:compileReleaseShaders
:timeit:generateReleaseAssets
:timeit:packageReleaseAssets
:timeit-demo:mergeReleaseShaders
:timeit-demo:compileReleaseShaders
:timeit-demo:generateReleaseAssets
:timeit-demo:mergeReleaseAssets
:timeit-demo:transformClassesWithDexBuilderForRelease
:timeit-demo:transformDexArchiveWithExternalLibsDexMergerForRelease
:timeit-demo:transformDexArchiveWithDexMergerForRelease
:timeit:compileReleaseNdk NO-SOURCE
:timeit:mergeReleaseJniLibFolders
:timeit:transformNativeLibsWithMergeJniLibsForRelease
:timeit:transformNativeLibsWithStripDebugSymbolForRelease
:timeit:transformNativeLibsWithIntermediateJniLibsForRelease
:timeit-demo:mergeReleaseJniLibFolders
:timeit-demo:transformNativeLibsWithMergeJniLibsForRelease
:timeit-demo:transformNativeLibsWithStripDebugSymbolForRelease
:timeit-demo:checkReleaseLibraries
:timeit-demo:processReleaseJavaRes NO-SOURCE
:timeit-demo:transformResourcesWithMergeJavaResForRelease
:timeit-demo:packageRelease
:timeit-demo:assembleRelease
:timeit-demo:assemble
:timeit-demo:lint
Download https://dl.google.com/dl/android/maven2/androidx/test/runner/1.1.1-beta01/runner-1.1.1-beta01.pom
Download https://dl.google.com/dl/android/maven2/androidx/test/espresso/espresso-core/3.1.1-beta01/espresso-core-3.1.1-beta01.pom
Download https://dl.google.com/dl/android/maven2/androidx/test/monitor/1.1.1-beta01/monitor-1.1.1-beta01.pom
Download https://dl.google.com/dl/android/maven2/androidx/test/espresso/espresso-idling-resource/3.1.1-beta01/espresso-idling-resource-3.1.1-beta01.pom
Download https://dl.google.com/dl/android/maven2/androidx/test/runner/1.1.1-beta01/runner-1.1.1-beta01.aar
Download https://dl.google.com/dl/android/maven2/androidx/test/espresso/espresso-core/3.1.1-beta01/espresso-core-3.1.1-beta01.aar
Download https://dl.google.com/dl/android/maven2/androidx/test/espresso/espresso-idling-resource/3.1.1-beta01/espresso-idling-resource-3.1.1-beta01.aar
Download https://dl.google.com/dl/android/maven2/androidx/test/monitor/1.1.1-beta01/monitor-1.1.1-beta01.aar
Calling mockable JAR artifact transform to create file: /Users/vbauer/.gradle/caches/transforms-1/files-1.1/android.jar/2b0c04a17ba3576bc28b05d8db5ed7e1/android.jar with input /Users/vbauer/Library/Android/sdk/platforms/android-28/android.jar
Ran lint on variant debug: 8 issues found
Ran lint on variant release: 8 issues found
Wrote HTML report to file:///private/var/folders/bq/vtzpc5ns5sg2cthy61lqpg3dfzgbys/T/1544619132297-0/src/TimeIt-master/timeit-demo/build/reports/lint-results.html
Wrote XML report to file:///private/var/folders/bq/vtzpc5ns5sg2cthy61lqpg3dfzgbys/T/1544619132297-0/src/TimeIt-master/timeit-demo/build/reports/lint-results.xml
:timeit-demo:generateDebugUnitTestSources
:timeit-demo:preDebugUnitTestBuild UP-TO-DATE
:timeit-demo:javaPreCompileDebugUnitTest
:timeit-demo:compileDebugUnitTestJavaWithJavac
:timeit-demo:processDebugUnitTestJavaRes NO-SOURCE
:timeit-demo:testDebugUnitTest
:timeit-demo:generateReleaseUnitTestSources
:timeit-demo:preReleaseUnitTestBuild UP-TO-DATE
:timeit-demo:javaPreCompileReleaseUnitTest
:timeit-demo:compileReleaseUnitTestJavaWithJavac
:timeit-demo:processReleaseUnitTestJavaRes NO-SOURCE
:timeit-demo:testReleaseUnitTest
:timeit-demo:test
:timeit-demo:check
:timeit-demo:build

BUILD SUCCESSFUL in 49s
96 actionable tasks: 96 executed

2018-12-12 19:53:25,227 INFO  FullProcessService - Found APK file: /var/folders/bq/vtzpc5ns5sg2cthy61lqpg3dfzgbys/T/1544619132297-0/src/TimeIt-master/timeit-demo/build/outputs/apk/release/timeit-demo-release-unsigned.apk
